{"/Users/mmecoco/Desktop/musical-practice/__tests__/helpers/generateSineWave.ts": {"path":"/Users/mmecoco/Desktop/musical-practice/__tests__/helpers/generateSineWave.ts","statementMap":{"0":{"start":{"line":15,"column":6},"end":{"line":15,"column":13}},"1":{"start":{"line":17,"column":17},"end":{"line":17,"column":50}},"2":{"start":{"line":18,"column":17},"end":{"line":18,"column":41}},"3":{"start":{"line":20,"column":2},"end":{"line":22,"column":3}},"4":{"start":{"line":20,"column":15},"end":{"line":20,"column":16}},"5":{"start":{"line":21,"column":4},"end":{"line":21,"column":81}},"6":{"start":{"line":24,"column":2},"end":{"line":24,"column":16}}},"fnMap":{"0":{"name":"generateSineWave","decl":{"start":{"line":4,"column":16},"end":{"line":4,"column":32}},"loc":{"start":{"line":9,"column":17},"end":{"line":25,"column":1}},"line":9}},"branchMap":{"0":{"loc":{"start":{"line":12,"column":4},"end":{"line":12,"column":22}},"type":"default-arg","locations":[{"start":{"line":12,"column":17},"end":{"line":12,"column":22}}],"line":12},"1":{"loc":{"start":{"line":13,"column":4},"end":{"line":13,"column":18}},"type":"default-arg","locations":[{"start":{"line":13,"column":15},"end":{"line":13,"column":18}}],"line":13},"2":{"loc":{"start":{"line":14,"column":4},"end":{"line":14,"column":19}},"type":"default-arg","locations":[{"start":{"line":14,"column":16},"end":{"line":14,"column":19}}],"line":14}},"s":{"0":46,"1":46,"2":46,"3":46,"4":46,"5":298455,"6":46},"f":{"0":46},"b":{"0":[3],"1":[3],"2":[3]},"_coverageSchema":"1a1c01bbd47fc00a2c39e90264f33305004495a9","hash":"abd3e9c91690be31018878c5d854ff89ff177d96"}
,"/Users/mmecoco/Desktop/musical-practice/client/components/AudioPlayer.tsx": {"path":"/Users/mmecoco/Desktop/musical-practice/client/components/AudioPlayer.tsx","statementMap":{"0":{"start":{"line":13,"column":23},"end":{"line":13,"column":44}},"1":{"start":{"line":14,"column":18},"end":{"line":14,"column":47}},"2":{"start":{"line":15,"column":18},"end":{"line":15,"column":35}},"3":{"start":{"line":16,"column":2},"end":{"line":16,"column":61}},"4":{"start":{"line":19,"column":27},"end":{"line":98,"column":2}},"5":{"start":{"line":20,"column":21},"end":{"line":20,"column":31}},"6":{"start":{"line":32,"column":6},"end":{"line":32,"column":22}},"7":{"start":{"line":34,"column":2},"end":{"line":39,"column":36}},"8":{"start":{"line":35,"column":4},"end":{"line":35,"column":24}},"9":{"start":{"line":36,"column":4},"end":{"line":38,"column":6}},"10":{"start":{"line":37,"column":6},"end":{"line":37,"column":15}},"11":{"start":{"line":41,"column":26},"end":{"line":47,"column":3}},"12":{"start":{"line":42,"column":4},"end":{"line":46,"column":5}},"13":{"start":{"line":43,"column":6},"end":{"line":43,"column":14}},"14":{"start":{"line":45,"column":6},"end":{"line":45,"column":13}},"15":{"start":{"line":49,"column":19},"end":{"line":49,"column":63}},"16":{"start":{"line":51,"column":2},"end":{"line":58,"column":3}},"17":{"start":{"line":52,"column":4},"end":{"line":57,"column":6}},"18":{"start":{"line":60,"column":2},"end":{"line":97,"column":4}},"19":{"start":{"line":66,"column":32},"end":{"line":69,"column":9}},"20":{"start":{"line":100,"column":15},"end":{"line":141,"column":2}}},"fnMap":{"0":{"name":"formatTime","decl":{"start":{"line":12,"column":9},"end":{"line":12,"column":19}},"loc":{"start":{"line":12,"column":40},"end":{"line":17,"column":1}},"line":12},"1":{"name":"AudioPlayer","decl":{"start":{"line":19,"column":41},"end":{"line":19,"column":52}},"loc":{"start":{"line":19,"column":85},"end":{"line":98,"column":1}},"line":19},"2":{"name":"(anonymous_2)","decl":{"start":{"line":34,"column":12},"end":{"line":34,"column":13}},"loc":{"start":{"line":34,"column":18},"end":{"line":39,"column":3}},"line":34},"3":{"name":"(anonymous_3)","decl":{"start":{"line":36,"column":11},"end":{"line":36,"column":12}},"loc":{"start":{"line":36,"column":17},"end":{"line":38,"column":5}},"line":36},"4":{"name":"(anonymous_4)","decl":{"start":{"line":41,"column":26},"end":{"line":41,"column":27}},"loc":{"start":{"line":41,"column":32},"end":{"line":47,"column":3}},"line":41},"5":{"name":"(anonymous_5)","decl":{"start":{"line":66,"column":15},"end":{"line":66,"column":16}},"loc":{"start":{"line":66,"column":32},"end":{"line":69,"column":9}},"line":66}},"branchMap":{"0":{"loc":{"start":{"line":42,"column":4},"end":{"line":46,"column":5}},"type":"if","locations":[{"start":{"line":42,"column":4},"end":{"line":46,"column":5}},{"start":{"line":44,"column":11},"end":{"line":46,"column":5}}],"line":42},"1":{"loc":{"start":{"line":49,"column":19},"end":{"line":49,"column":63}},"type":"cond-expr","locations":[{"start":{"line":49,"column":36},"end":{"line":49,"column":59}},{"start":{"line":49,"column":62},"end":{"line":49,"column":63}}],"line":49},"2":{"loc":{"start":{"line":51,"column":2},"end":{"line":58,"column":3}},"type":"if","locations":[{"start":{"line":51,"column":2},"end":{"line":58,"column":3}},{"start":{},"end":{}}],"line":51},"3":{"loc":{"start":{"line":68,"column":54},"end":{"line":68,"column":71}},"type":"cond-expr","locations":[{"start":{"line":68,"column":64},"end":{"line":68,"column":67}},{"start":{"line":68,"column":70},"end":{"line":68,"column":71}}],"line":68},"4":{"loc":{"start":{"line":72,"column":16},"end":{"line":72,"column":44}},"type":"cond-expr","locations":[{"start":{"line":72,"column":28},"end":{"line":72,"column":35}},{"start":{"line":72,"column":38},"end":{"line":72,"column":44}}],"line":72}},"s":{"0":8,"1":8,"2":8,"3":8,"4":1,"5":4,"6":4,"7":4,"8":4,"9":4,"10":4,"11":4,"12":1,"13":0,"14":1,"15":4,"16":4,"17":0,"18":4,"19":4,"20":1},"f":{"0":8,"1":4,"2":4,"3":4,"4":1,"5":4},"b":{"0":[0,1],"1":[4,0],"2":[0,4],"3":[0,4],"4":[0,4]},"_coverageSchema":"1a1c01bbd47fc00a2c39e90264f33305004495a9","hash":"fcb30ff2a3db3e8376d36858063ba882d0cca149"}
,"/Users/mmecoco/Desktop/musical-practice/client/components/CentsIndicator.tsx": {"path":"/Users/mmecoco/Desktop/musical-practice/client/components/CentsIndicator.tsx","statementMap":{"0":{"start":{"line":12,"column":22},"end":{"line":16,"column":1}},"1":{"start":{"line":18,"column":30},"end":{"line":73,"column":2}},"2":{"start":{"line":22,"column":21},"end":{"line":22,"column":31}},"3":{"start":{"line":23,"column":19},"end":{"line":23,"column":36}},"4":{"start":{"line":25,"column":2},"end":{"line":29,"column":34}},"5":{"start":{"line":26,"column":25},"end":{"line":26,"column":71}},"6":{"start":{"line":27,"column":23},"end":{"line":27,"column":46}},"7":{"start":{"line":28,"column":4},"end":{"line":28,"column":59}},"8":{"start":{"line":31,"column":19},"end":{"line":33,"column":5}},"9":{"start":{"line":31,"column":43},"end":{"line":33,"column":3}},"10":{"start":{"line":35,"column":19},"end":{"line":35,"column":34}},"11":{"start":{"line":37,"column":4},"end":{"line":37,"column":84}},"12":{"start":{"line":39,"column":2},"end":{"line":72,"column":4}},"13":{"start":{"line":75,"column":15},"end":{"line":115,"column":2}}},"fnMap":{"0":{"name":"CentsIndicator","decl":{"start":{"line":18,"column":44},"end":{"line":18,"column":58}},"loc":{"start":{"line":21,"column":24},"end":{"line":73,"column":1}},"line":21},"1":{"name":"(anonymous_1)","decl":{"start":{"line":25,"column":12},"end":{"line":25,"column":13}},"loc":{"start":{"line":25,"column":18},"end":{"line":29,"column":3}},"line":25},"2":{"name":"(anonymous_2)","decl":{"start":{"line":31,"column":36},"end":{"line":31,"column":37}},"loc":{"start":{"line":31,"column":43},"end":{"line":33,"column":3}},"line":31}},"branchMap":{"0":{"loc":{"start":{"line":20,"column":2},"end":{"line":20,"column":15}},"type":"default-arg","locations":[{"start":{"line":20,"column":13},"end":{"line":20,"column":15}}],"line":20},"1":{"loc":{"start":{"line":37,"column":4},"end":{"line":37,"column":84}},"type":"cond-expr","locations":[{"start":{"line":37,"column":21},"end":{"line":37,"column":35}},{"start":{"line":37,"column":38},"end":{"line":37,"column":84}}],"line":37},"2":{"loc":{"start":{"line":37,"column":38},"end":{"line":37,"column":84}},"type":"cond-expr","locations":[{"start":{"line":37,"column":55},"end":{"line":37,"column":69}},{"start":{"line":37,"column":72},"end":{"line":37,"column":84}}],"line":37},"3":{"loc":{"start":{"line":44,"column":11},"end":{"line":44,"column":31}},"type":"cond-expr","locations":[{"start":{"line":44,"column":23},"end":{"line":44,"column":26}},{"start":{"line":44,"column":29},"end":{"line":44,"column":31}}],"line":44}},"s":{"0":1,"1":1,"2":7,"3":7,"4":7,"5":7,"6":7,"7":7,"8":7,"9":7,"10":7,"11":7,"12":7,"13":1},"f":{"0":7,"1":7,"2":7},"b":{"0":[5],"1":[2,5],"2":[3,2],"3":[4,3]},"_coverageSchema":"1a1c01bbd47fc00a2c39e90264f33305004495a9","hash":"f31073b4e3e8c56be58d2554e10fea78f07ed893"}
,"/Users/mmecoco/Desktop/musical-practice/client/components/MusicalStaff.tsx": {"path":"/Users/mmecoco/Desktop/musical-practice/client/components/MusicalStaff.tsx","statementMap":{"0":{"start":{"line":18,"column":20},"end":{"line":18,"column":23}},"1":{"start":{"line":19,"column":21},"end":{"line":19,"column":24}},"2":{"start":{"line":20,"column":26},"end":{"line":20,"column":28}},"3":{"start":{"line":21,"column":29},"end":{"line":21,"column":31}},"4":{"start":{"line":22,"column":19},"end":{"line":22,"column":74}},"5":{"start":{"line":23,"column":21},"end":{"line":23,"column":37}},"6":{"start":{"line":24,"column":16},"end":{"line":24,"column":31}},"7":{"start":{"line":26,"column":28},"end":{"line":163,"column":2}},"8":{"start":{"line":33,"column":21},"end":{"line":33,"column":31}},"9":{"start":{"line":35,"column":2},"end":{"line":44,"column":3}},"10":{"start":{"line":36,"column":4},"end":{"line":43,"column":6}},"11":{"start":{"line":46,"column":2},"end":{"line":64,"column":3}},"12":{"start":{"line":47,"column":4},"end":{"line":63,"column":6}},"13":{"start":{"line":54,"column":34},"end":{"line":57,"column":11}},"14":{"start":{"line":66,"column":2},"end":{"line":73,"column":3}},"15":{"start":{"line":67,"column":4},"end":{"line":72,"column":6}},"16":{"start":{"line":76,"column":19},"end":{"line":76,"column":47}},"17":{"start":{"line":78,"column":4},"end":{"line":78,"column":84}},"18":{"start":{"line":80,"column":19},"end":{"line":80,"column":85}},"19":{"start":{"line":81,"column":16},"end":{"line":81,"column":46}},"20":{"start":{"line":83,"column":2},"end":{"line":162,"column":4}},"21":{"start":{"line":88,"column":10},"end":{"line":96,"column":12}},"22":{"start":{"line":102,"column":28},"end":{"line":102,"column":53}},"23":{"start":{"line":103,"column":28},"end":{"line":105,"column":58}},"24":{"start":{"line":106,"column":12},"end":{"line":116,"column":14}},"25":{"start":{"line":167,"column":2},"end":{"line":189,"column":4}},"26":{"start":{"line":170,"column":8},"end":{"line":178,"column":10}},"27":{"start":{"line":192,"column":15},"end":{"line":239,"column":2}}},"fnMap":{"0":{"name":"MusicalStaff","decl":{"start":{"line":26,"column":42},"end":{"line":26,"column":54}},"loc":{"start":{"line":32,"column":22},"end":{"line":163,"column":1}},"line":32},"1":{"name":"(anonymous_1)","decl":{"start":{"line":54,"column":17},"end":{"line":54,"column":18}},"loc":{"start":{"line":54,"column":34},"end":{"line":57,"column":11}},"line":54},"2":{"name":"(anonymous_2)","decl":{"start":{"line":87,"column":29},"end":{"line":87,"column":30}},"loc":{"start":{"line":88,"column":10},"end":{"line":96,"column":12}},"line":88},"3":{"name":"(anonymous_3)","decl":{"start":{"line":101,"column":64},"end":{"line":101,"column":65}},"loc":{"start":{"line":101,"column":74},"end":{"line":117,"column":11}},"line":101},"4":{"name":"StaffLines","decl":{"start":{"line":166,"column":9},"end":{"line":166,"column":19}},"loc":{"start":{"line":166,"column":49},"end":{"line":190,"column":1}},"line":166},"5":{"name":"(anonymous_5)","decl":{"start":{"line":169,"column":27},"end":{"line":169,"column":28}},"loc":{"start":{"line":170,"column":8},"end":{"line":178,"column":10}},"line":170}},"branchMap":{"0":{"loc":{"start":{"line":35,"column":2},"end":{"line":44,"column":3}},"type":"if","locations":[{"start":{"line":35,"column":2},"end":{"line":44,"column":3}},{"start":{},"end":{}}],"line":35},"1":{"loc":{"start":{"line":46,"column":2},"end":{"line":64,"column":3}},"type":"if","locations":[{"start":{"line":46,"column":2},"end":{"line":64,"column":3}},{"start":{},"end":{}}],"line":46},"2":{"loc":{"start":{"line":56,"column":63},"end":{"line":56,"column":80}},"type":"cond-expr","locations":[{"start":{"line":56,"column":73},"end":{"line":56,"column":76}},{"start":{"line":56,"column":79},"end":{"line":56,"column":80}}],"line":56},"3":{"loc":{"start":{"line":66,"column":2},"end":{"line":73,"column":3}},"type":"if","locations":[{"start":{"line":66,"column":2},"end":{"line":73,"column":3}},{"start":{},"end":{}}],"line":66},"4":{"loc":{"start":{"line":78,"column":4},"end":{"line":78,"column":84}},"type":"cond-expr","locations":[{"start":{"line":78,"column":21},"end":{"line":78,"column":35}},{"start":{"line":78,"column":38},"end":{"line":78,"column":84}}],"line":78},"5":{"loc":{"start":{"line":78,"column":38},"end":{"line":78,"column":84}},"type":"cond-expr","locations":[{"start":{"line":78,"column":55},"end":{"line":78,"column":69}},{"start":{"line":78,"column":72},"end":{"line":78,"column":84}}],"line":78},"6":{"loc":{"start":{"line":100,"column":9},"end":{"line":117,"column":12}},"type":"binary-expr","locations":[{"start":{"line":100,"column":9},"end":{"line":100,"column":38}},{"start":{"line":101,"column":10},"end":{"line":117,"column":12}}],"line":100},"7":{"loc":{"start":{"line":103,"column":28},"end":{"line":105,"column":58}},"type":"cond-expr","locations":[{"start":{"line":104,"column":16},"end":{"line":104,"column":73}},{"start":{"line":105,"column":16},"end":{"line":105,"column":58}}],"line":103},"8":{"loc":{"start":{"line":130,"column":9},"end":{"line":140,"column":9}},"type":"binary-expr","locations":[{"start":{"line":130,"column":9},"end":{"line":130,"column":28}},{"start":{"line":131,"column":10},"end":{"line":139,"column":20}}],"line":130},"9":{"loc":{"start":{"line":138,"column":13},"end":{"line":138,"column":56}},"type":"cond-expr","locations":[{"start":{"line":138,"column":47},"end":{"line":138,"column":50}},{"start":{"line":138,"column":53},"end":{"line":138,"column":56}}],"line":138}},"s":{"0":1,"1":1,"2":1,"3":1,"4":1,"5":1,"6":1,"7":1,"8":7,"9":7,"10":1,"11":6,"12":2,"13":2,"14":4,"15":1,"16":3,"17":3,"18":3,"19":3,"20":3,"21":15,"22":0,"23":0,"24":0,"25":3,"26":15,"27":1},"f":{"0":7,"1":2,"2":15,"3":0,"4":3,"5":15},"b":{"0":[1,6],"1":[2,4],"2":[0,2],"3":[1,3],"4":[3,0],"5":[0,0],"6":[3,0],"7":[0,0],"8":[3,0],"9":[0,0]},"_coverageSchema":"1a1c01bbd47fc00a2c39e90264f33305004495a9","hash":"09752f24031b2fa2bcf2de38c8069cf3b726e510"}
,"/Users/mmecoco/Desktop/musical-practice/client/components/PitchDisplay.tsx": {"path":"/Users/mmecoco/Desktop/musical-practice/client/components/PitchDisplay.tsx","statementMap":{"0":{"start":{"line":16,"column":28},"end":{"line":94,"column":2}},"1":{"start":{"line":23,"column":21},"end":{"line":23,"column":31}},"2":{"start":{"line":25,"column":2},"end":{"line":34,"column":3}},"3":{"start":{"line":26,"column":4},"end":{"line":33,"column":6}},"4":{"start":{"line":36,"column":2},"end":{"line":51,"column":3}},"5":{"start":{"line":37,"column":4},"end":{"line":50,"column":6}},"6":{"start":{"line":41,"column":34},"end":{"line":44,"column":11}},"7":{"start":{"line":53,"column":2},"end":{"line":62,"column":3}},"8":{"start":{"line":54,"column":4},"end":{"line":61,"column":6}},"9":{"start":{"line":64,"column":19},"end":{"line":64,"column":47}},"10":{"start":{"line":66,"column":4},"end":{"line":66,"column":84}},"11":{"start":{"line":68,"column":4},"end":{"line":68,"column":74}},"12":{"start":{"line":70,"column":2},"end":{"line":93,"column":4}},"13":{"start":{"line":96,"column":15},"end":{"line":144,"column":2}}},"fnMap":{"0":{"name":"PitchDisplay","decl":{"start":{"line":16,"column":42},"end":{"line":16,"column":54}},"loc":{"start":{"line":22,"column":22},"end":{"line":94,"column":1}},"line":22},"1":{"name":"(anonymous_1)","decl":{"start":{"line":41,"column":17},"end":{"line":41,"column":18}},"loc":{"start":{"line":41,"column":34},"end":{"line":44,"column":11}},"line":41}},"branchMap":{"0":{"loc":{"start":{"line":25,"column":2},"end":{"line":34,"column":3}},"type":"if","locations":[{"start":{"line":25,"column":2},"end":{"line":34,"column":3}},{"start":{},"end":{}}],"line":25},"1":{"loc":{"start":{"line":36,"column":2},"end":{"line":51,"column":3}},"type":"if","locations":[{"start":{"line":36,"column":2},"end":{"line":51,"column":3}},{"start":{},"end":{}}],"line":36},"2":{"loc":{"start":{"line":43,"column":63},"end":{"line":43,"column":80}},"type":"cond-expr","locations":[{"start":{"line":43,"column":73},"end":{"line":43,"column":76}},{"start":{"line":43,"column":79},"end":{"line":43,"column":80}}],"line":43},"3":{"loc":{"start":{"line":53,"column":2},"end":{"line":62,"column":3}},"type":"if","locations":[{"start":{"line":53,"column":2},"end":{"line":62,"column":3}},{"start":{},"end":{}}],"line":53},"4":{"loc":{"start":{"line":66,"column":4},"end":{"line":66,"column":84}},"type":"cond-expr","locations":[{"start":{"line":66,"column":21},"end":{"line":66,"column":35}},{"start":{"line":66,"column":38},"end":{"line":66,"column":84}}],"line":66},"5":{"loc":{"start":{"line":66,"column":38},"end":{"line":66,"column":84}},"type":"cond-expr","locations":[{"start":{"line":66,"column":55},"end":{"line":66,"column":69}},{"start":{"line":66,"column":72},"end":{"line":66,"column":84}}],"line":66},"6":{"loc":{"start":{"line":68,"column":4},"end":{"line":68,"column":74}},"type":"cond-expr","locations":[{"start":{"line":68,"column":21},"end":{"line":68,"column":30}},{"start":{"line":68,"column":33},"end":{"line":68,"column":74}}],"line":68},"7":{"loc":{"start":{"line":68,"column":33},"end":{"line":68,"column":74}},"type":"cond-expr","locations":[{"start":{"line":68,"column":58},"end":{"line":68,"column":65}},{"start":{"line":68,"column":68},"end":{"line":68,"column":74}}],"line":68},"8":{"loc":{"start":{"line":84,"column":7},"end":{"line":91,"column":7}},"type":"binary-expr","locations":[{"start":{"line":84,"column":7},"end":{"line":84,"column":19}},{"start":{"line":85,"column":8},"end":{"line":90,"column":15}}],"line":84}},"s":{"0":1,"1":11,"2":11,"3":2,"4":9,"5":2,"6":2,"7":7,"8":1,"9":6,"10":6,"11":6,"12":6,"13":1},"f":{"0":11,"1":2},"b":{"0":[2,9],"1":[2,7],"2":[0,2],"3":[1,6],"4":[4,2],"5":[0,2],"6":[4,2],"7":[1,1],"8":[6,1]},"_coverageSchema":"1a1c01bbd47fc00a2c39e90264f33305004495a9","hash":"a4cfab3fb52b8775bdff5ef2d312cc0d25dacc66"}
,"/Users/mmecoco/Desktop/musical-practice/client/components/SheetCard.tsx": {"path":"/Users/mmecoco/Desktop/musical-practice/client/components/SheetCard.tsx","statementMap":{"0":{"start":{"line":17,"column":21},"end":{"line":17,"column":31}},"1":{"start":{"line":19,"column":2},"end":{"line":36,"column":3}},"2":{"start":{"line":20,"column":4},"end":{"line":35,"column":6}},"3":{"start":{"line":23,"column":32},"end":{"line":27,"column":9}},"4":{"start":{"line":38,"column":2},"end":{"line":92,"column":4}},"5":{"start":{"line":41,"column":30},"end":{"line":45,"column":7}},"6":{"start":{"line":95,"column":15},"end":{"line":133,"column":2}}},"fnMap":{"0":{"name":"SheetCard","decl":{"start":{"line":16,"column":16},"end":{"line":16,"column":25}},"loc":{"start":{"line":16,"column":83},"end":{"line":93,"column":1}},"line":16},"1":{"name":"(anonymous_1)","decl":{"start":{"line":23,"column":15},"end":{"line":23,"column":16}},"loc":{"start":{"line":23,"column":32},"end":{"line":27,"column":9}},"line":23},"2":{"name":"(anonymous_2)","decl":{"start":{"line":41,"column":13},"end":{"line":41,"column":14}},"loc":{"start":{"line":41,"column":30},"end":{"line":45,"column":7}},"line":41}},"branchMap":{"0":{"loc":{"start":{"line":19,"column":2},"end":{"line":36,"column":3}},"type":"if","locations":[{"start":{"line":19,"column":2},"end":{"line":36,"column":3}},{"start":{},"end":{}}],"line":19},"1":{"loc":{"start":{"line":25,"column":54},"end":{"line":25,"column":71}},"type":"cond-expr","locations":[{"start":{"line":25,"column":64},"end":{"line":25,"column":67}},{"start":{"line":25,"column":70},"end":{"line":25,"column":71}}],"line":25},"2":{"loc":{"start":{"line":25,"column":94},"end":{"line":25,"column":112}},"type":"cond-expr","locations":[{"start":{"line":25,"column":104},"end":{"line":25,"column":108}},{"start":{"line":25,"column":111},"end":{"line":25,"column":112}}],"line":25},"3":{"loc":{"start":{"line":43,"column":52},"end":{"line":43,"column":70}},"type":"cond-expr","locations":[{"start":{"line":43,"column":62},"end":{"line":43,"column":66}},{"start":{"line":43,"column":69},"end":{"line":43,"column":70}}],"line":43},"4":{"loc":{"start":{"line":43,"column":93},"end":{"line":43,"column":111}},"type":"cond-expr","locations":[{"start":{"line":43,"column":103},"end":{"line":43,"column":107}},{"start":{"line":43,"column":110},"end":{"line":43,"column":111}}],"line":43},"5":{"loc":{"start":{"line":49,"column":9},"end":{"line":53,"column":9}},"type":"binary-expr","locations":[{"start":{"line":49,"column":9},"end":{"line":49,"column":35}},{"start":{"line":50,"column":10},"end":{"line":52,"column":17}}],"line":49},"6":{"loc":{"start":{"line":54,"column":9},"end":{"line":58,"column":9}},"type":"binary-expr","locations":[{"start":{"line":54,"column":9},"end":{"line":54,"column":23}},{"start":{"line":55,"column":10},"end":{"line":57,"column":17}}],"line":54},"7":{"loc":{"start":{"line":66,"column":11},"end":{"line":74,"column":11}},"type":"binary-expr","locations":[{"start":{"line":66,"column":11},"end":{"line":66,"column":21}},{"start":{"line":67,"column":12},"end":{"line":73,"column":24}}],"line":66},"8":{"loc":{"start":{"line":69,"column":22},"end":{"line":69,"column":66}},"type":"cond-expr","locations":[{"start":{"line":69,"column":41},"end":{"line":69,"column":48}},{"start":{"line":69,"column":51},"end":{"line":69,"column":66}}],"line":69},"9":{"loc":{"start":{"line":71,"column":23},"end":{"line":71,"column":77}},"type":"cond-expr","locations":[{"start":{"line":71,"column":42},"end":{"line":71,"column":54}},{"start":{"line":71,"column":57},"end":{"line":71,"column":77}}],"line":71}},"s":{"0":5,"1":5,"2":0,"3":0,"4":5,"5":5,"6":1},"f":{"0":5,"1":0,"2":5},"b":{"0":[0,5],"1":[0,0],"2":[0,0],"3":[0,5],"4":[0,5],"5":[5,2],"6":[5,1],"7":[5,0],"8":[0,0],"9":[0,0]},"_coverageSchema":"1a1c01bbd47fc00a2c39e90264f33305004495a9","hash":"8414d079740fbb2bc4a3e49ec5ee850e025bb4f8"}
,"/Users/mmecoco/Desktop/musical-practice/client/components/SheetMusicPager.tsx": {"path":"/Users/mmecoco/Desktop/musical-practice/client/components/SheetMusicPager.tsx","statementMap":{"0":{"start":{"line":11,"column":31},"end":{"line":79,"column":2}},"1":{"start":{"line":14,"column":21},"end":{"line":14,"column":31}},"2":{"start":{"line":15,"column":20},"end":{"line":15,"column":41}},"3":{"start":{"line":16,"column":40},"end":{"line":16,"column":51}},"4":{"start":{"line":18,"column":21},"end":{"line":18,"column":43}},"5":{"start":{"line":20,"column":19},"end":{"line":27,"column":3}},"6":{"start":{"line":22,"column":22},"end":{"line":22,"column":55}},"7":{"start":{"line":23,"column":19},"end":{"line":23,"column":51}},"8":{"start":{"line":24,"column":6},"end":{"line":24,"column":27}},"9":{"start":{"line":29,"column":2},"end":{"line":37,"column":3}},"10":{"start":{"line":30,"column":4},"end":{"line":36,"column":6}},"11":{"start":{"line":39,"column":2},"end":{"line":78,"column":4}},"12":{"start":{"line":48,"column":32},"end":{"line":48,"column":43}},"13":{"start":{"line":50,"column":10},"end":{"line":57,"column":12}},"14":{"start":{"line":63,"column":12},"end":{"line":73,"column":14}},"15":{"start":{"line":81,"column":15},"end":{"line":107,"column":2}}},"fnMap":{"0":{"name":"SheetMusicPager","decl":{"start":{"line":11,"column":45},"end":{"line":11,"column":60}},"loc":{"start":{"line":13,"column":25},"end":{"line":79,"column":1}},"line":13},"1":{"name":"(anonymous_1)","decl":{"start":{"line":21,"column":4},"end":{"line":21,"column":5}},"loc":{"start":{"line":21,"column":20},"end":{"line":25,"column":5}},"line":21},"2":{"name":"(anonymous_2)","decl":{"start":{"line":48,"column":22},"end":{"line":48,"column":23}},"loc":{"start":{"line":48,"column":32},"end":{"line":48,"column":43}},"line":48},"3":{"name":"(anonymous_3)","decl":{"start":{"line":49,"column":20},"end":{"line":49,"column":21}},"loc":{"start":{"line":50,"column":10},"end":{"line":57,"column":12}},"line":50},"4":{"name":"(anonymous_4)","decl":{"start":{"line":62,"column":25},"end":{"line":62,"column":26}},"loc":{"start":{"line":63,"column":12},"end":{"line":73,"column":14}},"line":63}},"branchMap":{"0":{"loc":{"start":{"line":29,"column":2},"end":{"line":37,"column":3}},"type":"if","locations":[{"start":{"line":29,"column":2},"end":{"line":37,"column":3}},{"start":{},"end":{}}],"line":29},"1":{"loc":{"start":{"line":60,"column":7},"end":{"line":76,"column":7}},"type":"binary-expr","locations":[{"start":{"line":60,"column":7},"end":{"line":60,"column":27}},{"start":{"line":61,"column":8},"end":{"line":75,"column":15}}],"line":60},"2":{"loc":{"start":{"line":70,"column":20},"end":{"line":70,"column":75}},"type":"cond-expr","locations":[{"start":{"line":70,"column":40},"end":{"line":70,"column":54}},{"start":{"line":70,"column":57},"end":{"line":70,"column":75}}],"line":70}},"s":{"0":1,"1":4,"2":4,"3":4,"4":4,"5":4,"6":0,"7":0,"8":0,"9":4,"10":1,"11":3,"12":10,"13":7,"14":6,"15":1},"f":{"0":4,"1":0,"2":10,"3":7,"4":6},"b":{"0":[1,3],"1":[3,2],"2":[2,4]},"_coverageSchema":"1a1c01bbd47fc00a2c39e90264f33305004495a9","hash":"070c4b29f0722ae9cea3edb20182876d2e1f3650"}
,"/Users/mmecoco/Desktop/musical-practice/client/constants/theme.ts": {"path":"/Users/mmecoco/Desktop/musical-practice/client/constants/theme.ts","statementMap":{"0":{"start":{"line":3,"column":22},"end":{"line":54,"column":1}},"1":{"start":{"line":58,"column":23},"end":{"line":70,"column":10}},"2":{"start":{"line":72,"column":28},"end":{"line":81,"column":10}},"3":{"start":{"line":83,"column":26},"end":{"line":138,"column":10}},"4":{"start":{"line":140,"column":23},"end":{"line":186,"column":10}}},"fnMap":{},"branchMap":{},"s":{"0":6,"1":6,"2":6,"3":6,"4":6},"f":{},"b":{},"_coverageSchema":"1a1c01bbd47fc00a2c39e90264f33305004495a9","hash":"89c0649001b152c5eb1a39cbb32c41edcbfb566f"}
,"/Users/mmecoco/Desktop/musical-practice/client/hooks/useAudioPermission.ts": {"path":"/Users/mmecoco/Desktop/musical-practice/client/hooks/useAudioPermission.ts","statementMap":{"0":{"start":{"line":13,"column":2},"end":{"line":26,"column":3}},"1":{"start":{"line":14,"column":4},"end":{"line":23,"column":7}},"2":{"start":{"line":30,"column":30},"end":{"line":30,"column":72}},"3":{"start":{"line":32,"column":26},"end":{"line":44,"column":8}},"4":{"start":{"line":33,"column":4},"end":{"line":36,"column":5}},"5":{"start":{"line":34,"column":6},"end":{"line":34,"column":26}},"6":{"start":{"line":35,"column":6},"end":{"line":35,"column":13}},"7":{"start":{"line":38,"column":4},"end":{"line":43,"column":5}},"8":{"start":{"line":39,"column":40},"end":{"line":39,"column":73}},"9":{"start":{"line":40,"column":6},"end":{"line":40,"column":74}},"10":{"start":{"line":42,"column":6},"end":{"line":42,"column":32}},"11":{"start":{"line":46,"column":2},"end":{"line":48,"column":24}},"12":{"start":{"line":47,"column":4},"end":{"line":47,"column":22}},"13":{"start":{"line":50,"column":28},"end":{"line":77,"column":8}},"14":{"start":{"line":51,"column":4},"end":{"line":51,"column":44}},"15":{"start":{"line":51,"column":31},"end":{"line":51,"column":44}},"16":{"start":{"line":53,"column":4},"end":{"line":76,"column":5}},"17":{"start":{"line":54,"column":36},"end":{"line":54,"column":73}},"18":{"start":{"line":55,"column":22},"end":{"line":55,"column":45}},"19":{"start":{"line":56,"column":6},"end":{"line":56,"column":48}},"20":{"start":{"line":58,"column":6},"end":{"line":70,"column":7}},"21":{"start":{"line":60,"column":8},"end":{"line":60,"column":38}},"22":{"start":{"line":62,"column":8},"end":{"line":69,"column":10}},"23":{"start":{"line":67,"column":52},"end":{"line":67,"column":74}},"24":{"start":{"line":72,"column":6},"end":{"line":72,"column":21}},"25":{"start":{"line":74,"column":6},"end":{"line":74,"column":26}},"26":{"start":{"line":75,"column":6},"end":{"line":75,"column":19}},"27":{"start":{"line":79,"column":2},"end":{"line":84,"column":4}}},"fnMap":{"0":{"name":"configureAudioSession","decl":{"start":{"line":12,"column":15},"end":{"line":12,"column":36}},"loc":{"start":{"line":12,"column":54},"end":{"line":27,"column":1}},"line":12},"1":{"name":"useAudioPermission","decl":{"start":{"line":29,"column":16},"end":{"line":29,"column":34}},"loc":{"start":{"line":29,"column":37},"end":{"line":85,"column":1}},"line":29},"2":{"name":"(anonymous_2)","decl":{"start":{"line":32,"column":38},"end":{"line":32,"column":39}},"loc":{"start":{"line":32,"column":50},"end":{"line":44,"column":3}},"line":32},"3":{"name":"(anonymous_3)","decl":{"start":{"line":46,"column":12},"end":{"line":46,"column":13}},"loc":{"start":{"line":46,"column":18},"end":{"line":48,"column":3}},"line":46},"4":{"name":"(anonymous_4)","decl":{"start":{"line":50,"column":40},"end":{"line":50,"column":41}},"loc":{"start":{"line":50,"column":70},"end":{"line":77,"column":3}},"line":50},"5":{"name":"(anonymous_5)","decl":{"start":{"line":67,"column":46},"end":{"line":67,"column":47}},"loc":{"start":{"line":67,"column":52},"end":{"line":67,"column":74}},"line":67}},"branchMap":{"0":{"loc":{"start":{"line":33,"column":4},"end":{"line":36,"column":5}},"type":"if","locations":[{"start":{"line":33,"column":4},"end":{"line":36,"column":5}},{"start":{},"end":{}}],"line":33},"1":{"loc":{"start":{"line":40,"column":16},"end":{"line":40,"column":72}},"type":"cond-expr","locations":[{"start":{"line":40,"column":46},"end":{"line":40,"column":55}},{"start":{"line":40,"column":58},"end":{"line":40,"column":72}}],"line":40},"2":{"loc":{"start":{"line":51,"column":4},"end":{"line":51,"column":44}},"type":"if","locations":[{"start":{"line":51,"column":4},"end":{"line":51,"column":44}},{"start":{},"end":{}}],"line":51},"3":{"loc":{"start":{"line":56,"column":16},"end":{"line":56,"column":46}},"type":"cond-expr","locations":[{"start":{"line":56,"column":26},"end":{"line":56,"column":35}},{"start":{"line":56,"column":38},"end":{"line":56,"column":46}}],"line":56},"4":{"loc":{"start":{"line":58,"column":6},"end":{"line":70,"column":7}},"type":"if","locations":[{"start":{"line":58,"column":6},"end":{"line":70,"column":7}},{"start":{"line":61,"column":13},"end":{"line":70,"column":7}}],"line":58}},"s":{"0":2,"1":2,"2":16,"3":16,"4":9,"5":1,"6":1,"7":8,"8":8,"9":7,"10":1,"11":16,"12":9,"13":16,"14":6,"15":1,"16":5,"17":5,"18":4,"19":4,"20":4,"21":2,"22":2,"23":0,"24":4,"25":1,"26":1,"27":16},"f":{"0":2,"1":16,"2":9,"3":9,"4":6,"5":0},"b":{"0":[1,8],"1":[1,6],"2":[1,5],"3":[2,2],"4":[2,2]},"_coverageSchema":"1a1c01bbd47fc00a2c39e90264f33305004495a9","hash":"cd5d2bd5be7970deeed428b949153a3365f0b0aa"}
,"/Users/mmecoco/Desktop/musical-practice/client/hooks/useAudioPlayer.ts": {"path":"/Users/mmecoco/Desktop/musical-practice/client/hooks/useAudioPlayer.ts","statementMap":{"0":{"start":{"line":18,"column":34},"end":{"line":18,"column":49}},"1":{"start":{"line":19,"column":36},"end":{"line":19,"column":51}},"2":{"start":{"line":20,"column":38},"end":{"line":20,"column":49}},"3":{"start":{"line":21,"column":38},"end":{"line":21,"column":49}},"4":{"start":{"line":22,"column":28},"end":{"line":22,"column":57}},"5":{"start":{"line":23,"column":19},"end":{"line":23,"column":51}},"6":{"start":{"line":25,"column":33},"end":{"line":32,"column":8}},"7":{"start":{"line":26,"column":4},"end":{"line":26,"column":33}},"8":{"start":{"line":26,"column":26},"end":{"line":26,"column":33}},"9":{"start":{"line":27,"column":4},"end":{"line":27,"column":35}},"10":{"start":{"line":28,"column":4},"end":{"line":28,"column":41}},"11":{"start":{"line":29,"column":4},"end":{"line":31,"column":5}},"12":{"start":{"line":30,"column":6},"end":{"line":30,"column":43}},"13":{"start":{"line":34,"column":20},"end":{"line":64,"column":3}},"14":{"start":{"line":36,"column":6},"end":{"line":36,"column":23}},"15":{"start":{"line":36,"column":16},"end":{"line":36,"column":23}},"16":{"start":{"line":38,"column":6},"end":{"line":61,"column":7}},"17":{"start":{"line":39,"column":8},"end":{"line":39,"column":23}},"18":{"start":{"line":42,"column":8},"end":{"line":44,"column":9}},"19":{"start":{"line":43,"column":10},"end":{"line":43,"column":47}},"20":{"start":{"line":46,"column":34},"end":{"line":50,"column":9}},"21":{"start":{"line":52,"column":8},"end":{"line":52,"column":33}},"22":{"start":{"line":53,"column":8},"end":{"line":53,"column":26}},"23":{"start":{"line":55,"column":8},"end":{"line":57,"column":9}},"24":{"start":{"line":56,"column":10},"end":{"line":56,"column":47}},"25":{"start":{"line":59,"column":8},"end":{"line":59,"column":74}},"26":{"start":{"line":60,"column":8},"end":{"line":60,"column":27}},"27":{"start":{"line":66,"column":15},"end":{"line":70,"column":8}},"28":{"start":{"line":67,"column":4},"end":{"line":69,"column":5}},"29":{"start":{"line":68,"column":6},"end":{"line":68,"column":41}},"30":{"start":{"line":72,"column":16},"end":{"line":76,"column":8}},"31":{"start":{"line":73,"column":4},"end":{"line":75,"column":5}},"32":{"start":{"line":74,"column":6},"end":{"line":74,"column":42}},"33":{"start":{"line":78,"column":17},"end":{"line":82,"column":8}},"34":{"start":{"line":79,"column":4},"end":{"line":81,"column":5}},"35":{"start":{"line":80,"column":6},"end":{"line":80,"column":50}},"36":{"start":{"line":84,"column":17},"end":{"line":93,"column":8}},"37":{"start":{"line":85,"column":4},"end":{"line":88,"column":5}},"38":{"start":{"line":86,"column":6},"end":{"line":86,"column":43}},"39":{"start":{"line":87,"column":6},"end":{"line":87,"column":30}},"40":{"start":{"line":89,"column":4},"end":{"line":89,"column":23}},"41":{"start":{"line":90,"column":4},"end":{"line":90,"column":24}},"42":{"start":{"line":91,"column":4},"end":{"line":91,"column":21}},"43":{"start":{"line":92,"column":4},"end":{"line":92,"column":21}},"44":{"start":{"line":96,"column":2},"end":{"line":102,"column":9}},"45":{"start":{"line":97,"column":4},"end":{"line":101,"column":6}},"46":{"start":{"line":98,"column":6},"end":{"line":100,"column":7}},"47":{"start":{"line":99,"column":8},"end":{"line":99,"column":39}},"48":{"start":{"line":104,"column":2},"end":{"line":115,"column":4}}},"fnMap":{"0":{"name":"useAudioPlayer","decl":{"start":{"line":17,"column":16},"end":{"line":17,"column":30}},"loc":{"start":{"line":17,"column":55},"end":{"line":116,"column":1}},"line":17},"1":{"name":"(anonymous_1)","decl":{"start":{"line":25,"column":45},"end":{"line":25,"column":46}},"loc":{"start":{"line":25,"column":75},"end":{"line":32,"column":3}},"line":25},"2":{"name":"(anonymous_2)","decl":{"start":{"line":35,"column":4},"end":{"line":35,"column":5}},"loc":{"start":{"line":35,"column":27},"end":{"line":62,"column":5}},"line":35},"3":{"name":"(anonymous_3)","decl":{"start":{"line":66,"column":27},"end":{"line":66,"column":28}},"loc":{"start":{"line":66,"column":39},"end":{"line":70,"column":3}},"line":66},"4":{"name":"(anonymous_4)","decl":{"start":{"line":72,"column":28},"end":{"line":72,"column":29}},"loc":{"start":{"line":72,"column":40},"end":{"line":76,"column":3}},"line":72},"5":{"name":"(anonymous_5)","decl":{"start":{"line":78,"column":29},"end":{"line":78,"column":30}},"loc":{"start":{"line":78,"column":51},"end":{"line":82,"column":3}},"line":78},"6":{"name":"(anonymous_6)","decl":{"start":{"line":84,"column":29},"end":{"line":84,"column":30}},"loc":{"start":{"line":84,"column":41},"end":{"line":93,"column":3}},"line":84},"7":{"name":"(anonymous_7)","decl":{"start":{"line":96,"column":12},"end":{"line":96,"column":13}},"loc":{"start":{"line":96,"column":18},"end":{"line":102,"column":3}},"line":96},"8":{"name":"(anonymous_8)","decl":{"start":{"line":97,"column":11},"end":{"line":97,"column":12}},"loc":{"start":{"line":97,"column":17},"end":{"line":101,"column":5}},"line":97}},"branchMap":{"0":{"loc":{"start":{"line":26,"column":4},"end":{"line":26,"column":33}},"type":"if","locations":[{"start":{"line":26,"column":4},"end":{"line":26,"column":33}},{"start":{},"end":{}}],"line":26},"1":{"loc":{"start":{"line":29,"column":4},"end":{"line":31,"column":5}},"type":"if","locations":[{"start":{"line":29,"column":4},"end":{"line":31,"column":5}},{"start":{},"end":{}}],"line":29},"2":{"loc":{"start":{"line":36,"column":6},"end":{"line":36,"column":23}},"type":"if","locations":[{"start":{"line":36,"column":6},"end":{"line":36,"column":23}},{"start":{},"end":{}}],"line":36},"3":{"loc":{"start":{"line":42,"column":8},"end":{"line":44,"column":9}},"type":"if","locations":[{"start":{"line":42,"column":8},"end":{"line":44,"column":9}},{"start":{},"end":{}}],"line":42},"4":{"loc":{"start":{"line":55,"column":8},"end":{"line":57,"column":9}},"type":"if","locations":[{"start":{"line":55,"column":8},"end":{"line":57,"column":9}},{"start":{},"end":{}}],"line":55},"5":{"loc":{"start":{"line":55,"column":12},"end":{"line":55,"column":52}},"type":"binary-expr","locations":[{"start":{"line":55,"column":12},"end":{"line":55,"column":27}},{"start":{"line":55,"column":31},"end":{"line":55,"column":52}}],"line":55},"6":{"loc":{"start":{"line":59,"column":17},"end":{"line":59,"column":72}},"type":"cond-expr","locations":[{"start":{"line":59,"column":38},"end":{"line":59,"column":47}},{"start":{"line":59,"column":50},"end":{"line":59,"column":72}}],"line":59},"7":{"loc":{"start":{"line":67,"column":4},"end":{"line":69,"column":5}},"type":"if","locations":[{"start":{"line":67,"column":4},"end":{"line":69,"column":5}},{"start":{},"end":{}}],"line":67},"8":{"loc":{"start":{"line":73,"column":4},"end":{"line":75,"column":5}},"type":"if","locations":[{"start":{"line":73,"column":4},"end":{"line":75,"column":5}},{"start":{},"end":{}}],"line":73},"9":{"loc":{"start":{"line":79,"column":4},"end":{"line":81,"column":5}},"type":"if","locations":[{"start":{"line":79,"column":4},"end":{"line":81,"column":5}},{"start":{},"end":{}}],"line":79},"10":{"loc":{"start":{"line":85,"column":4},"end":{"line":88,"column":5}},"type":"if","locations":[{"start":{"line":85,"column":4},"end":{"line":88,"column":5}},{"start":{},"end":{}}],"line":85},"11":{"loc":{"start":{"line":98,"column":6},"end":{"line":100,"column":7}},"type":"if","locations":[{"start":{"line":98,"column":6},"end":{"line":100,"column":7}},{"start":{},"end":{}}],"line":98}},"s":{"0":15,"1":15,"2":15,"3":15,"4":15,"5":15,"6":15,"7":0,"8":0,"9":0,"10":0,"11":0,"12":0,"13":15,"14":7,"15":1,"16":6,"17":6,"18":6,"19":0,"20":6,"21":5,"22":5,"23":5,"24":5,"25":1,"26":1,"27":15,"28":1,"29":1,"30":15,"31":1,"32":1,"33":15,"34":1,"35":1,"36":15,"37":1,"38":1,"39":1,"40":1,"41":1,"42":1,"43":1,"44":15,"45":8,"46":8,"47":4,"48":15},"f":{"0":15,"1":0,"2":7,"3":1,"4":1,"5":1,"6":1,"7":8,"8":8},"b":{"0":[0,0],"1":[0,0],"2":[1,6],"3":[0,6],"4":[5,0],"5":[5,5],"6":[1,0],"7":[1,0],"8":[1,0],"9":[1,0],"10":[1,0],"11":[4,4]},"_coverageSchema":"1a1c01bbd47fc00a2c39e90264f33305004495a9","hash":"a5a73cf8714a790db4dc50b4d5367ca9a20b1bca"}
,"/Users/mmecoco/Desktop/musical-practice/client/hooks/usePitchAccuracy.ts": {"path":"/Users/mmecoco/Desktop/musical-practice/client/hooks/usePitchAccuracy.ts","statementMap":{"0":{"start":{"line":11,"column":34},"end":{"line":15,"column":4}},"1":{"start":{"line":17,"column":19},"end":{"line":17,"column":28}},"2":{"start":{"line":18,"column":21},"end":{"line":18,"column":30}},"3":{"start":{"line":20,"column":21},"end":{"line":35,"column":8}},"4":{"start":{"line":21,"column":4},"end":{"line":21,"column":26}},"5":{"start":{"line":22,"column":4},"end":{"line":24,"column":5}},"6":{"start":{"line":23,"column":6},"end":{"line":23,"column":30}},"7":{"start":{"line":26,"column":18},"end":{"line":26,"column":34}},"8":{"start":{"line":27,"column":20},"end":{"line":27,"column":38}},"9":{"start":{"line":28,"column":28},"end":{"line":28,"column":79}},"10":{"start":{"line":30,"column":4},"end":{"line":34,"column":7}},"11":{"start":{"line":37,"column":16},"end":{"line":45,"column":8}},"12":{"start":{"line":38,"column":4},"end":{"line":38,"column":25}},"13":{"start":{"line":39,"column":4},"end":{"line":39,"column":27}},"14":{"start":{"line":40,"column":4},"end":{"line":44,"column":7}},"15":{"start":{"line":47,"column":2},"end":{"line":51,"column":4}}},"fnMap":{"0":{"name":"usePitchAccuracy","decl":{"start":{"line":10,"column":16},"end":{"line":10,"column":32}},"loc":{"start":{"line":10,"column":59},"end":{"line":52,"column":1}},"line":10},"1":{"name":"(anonymous_1)","decl":{"start":{"line":20,"column":33},"end":{"line":20,"column":34}},"loc":{"start":{"line":20,"column":57},"end":{"line":35,"column":3}},"line":20},"2":{"name":"(anonymous_2)","decl":{"start":{"line":37,"column":28},"end":{"line":37,"column":29}},"loc":{"start":{"line":37,"column":34},"end":{"line":45,"column":3}},"line":37}},"branchMap":{"0":{"loc":{"start":{"line":22,"column":4},"end":{"line":24,"column":5}},"type":"if","locations":[{"start":{"line":22,"column":4},"end":{"line":24,"column":5}},{"start":{},"end":{}}],"line":22},"1":{"loc":{"start":{"line":28,"column":28},"end":{"line":28,"column":79}},"type":"cond-expr","locations":[{"start":{"line":28,"column":40},"end":{"line":28,"column":75}},{"start":{"line":28,"column":78},"end":{"line":28,"column":79}}],"line":28}},"s":{"0":19,"1":19,"2":19,"3":19,"4":23,"5":23,"6":16,"7":23,"8":23,"9":23,"10":23,"11":19,"12":2,"13":2,"14":2,"15":19},"f":{"0":19,"1":23,"2":2},"b":{"0":[16,7],"1":[23,0]},"_coverageSchema":"1a1c01bbd47fc00a2c39e90264f33305004495a9","hash":"4f7fcd6e5e575da8d286aaaf4e61f9eabf7f2cdd"}
,"/Users/mmecoco/Desktop/musical-practice/client/hooks/usePitchDetection.ts": {"path":"/Users/mmecoco/Desktop/musical-practice/client/hooks/usePitchDetection.ts","statementMap":{"0":{"start":{"line":9,"column":20},"end":{"line":9,"column":23}},"1":{"start":{"line":20,"column":40},"end":{"line":20,"column":55}},"2":{"start":{"line":21,"column":42},"end":{"line":21,"column":76}},"3":{"start":{"line":22,"column":28},"end":{"line":22,"column":57}},"4":{"start":{"line":24,"column":25},"end":{"line":24,"column":58}},"5":{"start":{"line":25,"column":24},"end":{"line":25,"column":33}},"6":{"start":{"line":26,"column":25},"end":{"line":26,"column":38}},"7":{"start":{"line":28,"column":24},"end":{"line":40,"column":8}},"8":{"start":{"line":29,"column":4},"end":{"line":29,"column":35}},"9":{"start":{"line":30,"column":4},"end":{"line":30,"column":26}},"10":{"start":{"line":31,"column":4},"end":{"line":31,"column":26}},"11":{"start":{"line":33,"column":4},"end":{"line":36,"column":5}},"12":{"start":{"line":34,"column":6},"end":{"line":34,"column":31}},"13":{"start":{"line":35,"column":6},"end":{"line":35,"column":36}},"14":{"start":{"line":38,"column":4},"end":{"line":38,"column":22}},"15":{"start":{"line":39,"column":4},"end":{"line":39,"column":22}},"16":{"start":{"line":42,"column":25},"end":{"line":80,"column":21}},"17":{"start":{"line":43,"column":4},"end":{"line":79,"column":5}},"18":{"start":{"line":44,"column":6},"end":{"line":44,"column":21}},"19":{"start":{"line":47,"column":6},"end":{"line":57,"column":7}},"20":{"start":{"line":48,"column":8},"end":{"line":56,"column":11}},"21":{"start":{"line":59,"column":6},"end":{"line":59,"column":52}},"22":{"start":{"line":60,"column":6},"end":{"line":60,"column":44}},"23":{"start":{"line":62,"column":26},"end":{"line":71,"column":8}},"24":{"start":{"line":63,"column":20},"end":{"line":63,"column":30}},"25":{"start":{"line":64,"column":8},"end":{"line":64,"column":62}},"26":{"start":{"line":64,"column":55},"end":{"line":64,"column":62}},"27":{"start":{"line":65,"column":8},"end":{"line":65,"column":36}},"28":{"start":{"line":67,"column":23},"end":{"line":67,"column":78}},"29":{"start":{"line":68,"column":8},"end":{"line":70,"column":9}},"30":{"start":{"line":69,"column":10},"end":{"line":69,"column":34}},"31":{"start":{"line":73,"column":6},"end":{"line":73,"column":43}},"32":{"start":{"line":74,"column":6},"end":{"line":74,"column":36}},"33":{"start":{"line":75,"column":6},"end":{"line":75,"column":27}},"34":{"start":{"line":77,"column":6},"end":{"line":77,"column":80}},"35":{"start":{"line":78,"column":6},"end":{"line":78,"column":22}},"36":{"start":{"line":83,"column":2},"end":{"line":94,"column":22}},"37":{"start":{"line":84,"column":25},"end":{"line":88,"column":6}},"38":{"start":{"line":85,"column":6},"end":{"line":87,"column":7}},"39":{"start":{"line":86,"column":8},"end":{"line":86,"column":24}},"40":{"start":{"line":90,"column":4},"end":{"line":93,"column":6}},"41":{"start":{"line":91,"column":6},"end":{"line":91,"column":28}},"42":{"start":{"line":92,"column":6},"end":{"line":92,"column":22}},"43":{"start":{"line":96,"column":2},"end":{"line":102,"column":4}}},"fnMap":{"0":{"name":"usePitchDetection","decl":{"start":{"line":19,"column":16},"end":{"line":19,"column":33}},"loc":{"start":{"line":19,"column":61},"end":{"line":103,"column":1}},"line":19},"1":{"name":"(anonymous_1)","decl":{"start":{"line":28,"column":36},"end":{"line":28,"column":37}},"loc":{"start":{"line":28,"column":42},"end":{"line":40,"column":3}},"line":28},"2":{"name":"(anonymous_2)","decl":{"start":{"line":42,"column":37},"end":{"line":42,"column":38}},"loc":{"start":{"line":42,"column":49},"end":{"line":80,"column":3}},"line":42},"3":{"name":"(anonymous_3)","decl":{"start":{"line":62,"column":43},"end":{"line":62,"column":44}},"loc":{"start":{"line":62,"column":58},"end":{"line":71,"column":7}},"line":62},"4":{"name":"(anonymous_4)","decl":{"start":{"line":83,"column":12},"end":{"line":83,"column":13}},"loc":{"start":{"line":83,"column":18},"end":{"line":94,"column":3}},"line":83},"5":{"name":"(anonymous_5)","decl":{"start":{"line":84,"column":61},"end":{"line":84,"column":62}},"loc":{"start":{"line":84,"column":72},"end":{"line":88,"column":5}},"line":84},"6":{"name":"(anonymous_6)","decl":{"start":{"line":90,"column":11},"end":{"line":90,"column":12}},"loc":{"start":{"line":90,"column":17},"end":{"line":93,"column":5}},"line":90}},"branchMap":{"0":{"loc":{"start":{"line":33,"column":4},"end":{"line":36,"column":5}},"type":"if","locations":[{"start":{"line":33,"column":4},"end":{"line":36,"column":5}},{"start":{},"end":{}}],"line":33},"1":{"loc":{"start":{"line":47,"column":6},"end":{"line":57,"column":7}},"type":"if","locations":[{"start":{"line":47,"column":6},"end":{"line":57,"column":7}},{"start":{},"end":{}}],"line":47},"2":{"loc":{"start":{"line":64,"column":8},"end":{"line":64,"column":62}},"type":"if","locations":[{"start":{"line":64,"column":8},"end":{"line":64,"column":62}},{"start":{},"end":{}}],"line":64},"3":{"loc":{"start":{"line":68,"column":8},"end":{"line":70,"column":9}},"type":"if","locations":[{"start":{"line":68,"column":8},"end":{"line":70,"column":9}},{"start":{},"end":{}}],"line":68},"4":{"loc":{"start":{"line":77,"column":15},"end":{"line":77,"column":78}},"type":"cond-expr","locations":[{"start":{"line":77,"column":36},"end":{"line":77,"column":45}},{"start":{"line":77,"column":48},"end":{"line":77,"column":78}}],"line":77},"5":{"loc":{"start":{"line":85,"column":6},"end":{"line":87,"column":7}},"type":"if","locations":[{"start":{"line":85,"column":6},"end":{"line":87,"column":7}},{"start":{},"end":{}}],"line":85},"6":{"loc":{"start":{"line":85,"column":10},"end":{"line":85,"column":54}},"type":"binary-expr","locations":[{"start":{"line":85,"column":10},"end":{"line":85,"column":28}},{"start":{"line":85,"column":32},"end":{"line":85,"column":54}}],"line":85}},"s":{"0":1,"1":16,"2":16,"3":16,"4":16,"5":16,"6":16,"7":16,"8":10,"9":10,"10":10,"11":10,"12":5,"13":5,"14":10,"15":10,"16":16,"17":6,"18":6,"19":6,"20":6,"21":6,"22":6,"23":6,"24":1,"25":1,"26":0,"27":1,"28":1,"29":1,"30":1,"31":5,"32":5,"33":5,"34":1,"35":1,"36":16,"37":7,"38":1,"39":1,"40":7,"41":7,"42":7,"43":16},"f":{"0":16,"1":10,"2":6,"3":1,"4":7,"5":1,"6":7},"b":{"0":[5,5],"1":[6,0],"2":[0,1],"3":[1,0],"4":[1,0],"5":[1,0],"6":[1,1]},"_coverageSchema":"1a1c01bbd47fc00a2c39e90264f33305004495a9","hash":"d64ee3afed4cf1aeaba8b085fda5304bac13383e"}
,"/Users/mmecoco/Desktop/musical-practice/client/lib/fileStorage.ts": {"path":"/Users/mmecoco/Desktop/musical-practice/client/lib/fileStorage.ts","statementMap":{"0":{"start":{"line":11,"column":2},"end":{"line":11,"column":30}},"1":{"start":{"line":11,"column":18},"end":{"line":11,"column":30}},"2":{"start":{"line":13,"column":2},"end":{"line":30,"column":3}},"3":{"start":{"line":14,"column":16},"end":{"line":14,"column":94}},"4":{"start":{"line":15,"column":21},"end":{"line":15,"column":88}},"5":{"start":{"line":18,"column":22},"end":{"line":18,"column":59}},"6":{"start":{"line":19,"column":4},"end":{"line":21,"column":5}},"7":{"start":{"line":20,"column":6},"end":{"line":20,"column":25}},"8":{"start":{"line":23,"column":23},"end":{"line":23,"column":42}},"9":{"start":{"line":24,"column":21},"end":{"line":24,"column":50}},"10":{"start":{"line":25,"column":4},"end":{"line":25,"column":30}},"11":{"start":{"line":27,"column":4},"end":{"line":27,"column":24}},"12":{"start":{"line":29,"column":4},"end":{"line":29,"column":16}},"13":{"start":{"line":37,"column":2},"end":{"line":37,"column":25}},"14":{"start":{"line":37,"column":12},"end":{"line":37,"column":25}},"15":{"start":{"line":39,"column":2},"end":{"line":45,"column":3}},"16":{"start":{"line":40,"column":17},"end":{"line":40,"column":30}},"17":{"start":{"line":41,"column":4},"end":{"line":41,"column":18}},"18":{"start":{"line":42,"column":4},"end":{"line":42,"column":16}},"19":{"start":{"line":44,"column":4},"end":{"line":44,"column":17}}},"fnMap":{"0":{"name":"copyToLocalStorage","decl":{"start":{"line":7,"column":22},"end":{"line":7,"column":40}},"loc":{"start":{"line":10,"column":26},"end":{"line":31,"column":1}},"line":10},"1":{"name":"deleteLocalFile","decl":{"start":{"line":36,"column":22},"end":{"line":36,"column":37}},"loc":{"start":{"line":36,"column":69},"end":{"line":46,"column":1}},"line":36}},"branchMap":{"0":{"loc":{"start":{"line":11,"column":2},"end":{"line":11,"column":30}},"type":"if","locations":[{"start":{"line":11,"column":2},"end":{"line":11,"column":30}},{"start":{},"end":{}}],"line":11},"1":{"loc":{"start":{"line":14,"column":16},"end":{"line":14,"column":94}},"type":"cond-expr","locations":[{"start":{"line":14,"column":42},"end":{"line":14,"column":89}},{"start":{"line":14,"column":92},"end":{"line":14,"column":94}}],"line":14},"2":{"loc":{"start":{"line":19,"column":4},"end":{"line":21,"column":5}},"type":"if","locations":[{"start":{"line":19,"column":4},"end":{"line":21,"column":5}},{"start":{},"end":{}}],"line":19},"3":{"loc":{"start":{"line":37,"column":2},"end":{"line":37,"column":25}},"type":"if","locations":[{"start":{"line":37,"column":2},"end":{"line":37,"column":25}},{"start":{},"end":{}}],"line":37}},"s":{"0":6,"1":1,"2":5,"3":5,"4":5,"5":5,"6":5,"7":5,"8":5,"9":5,"10":5,"11":4,"12":1,"13":3,"14":1,"15":2,"16":2,"17":2,"18":1,"19":1},"f":{"0":6,"1":3},"b":{"0":[1,5],"1":[5,0],"2":[5,0],"3":[1,2]},"_coverageSchema":"1a1c01bbd47fc00a2c39e90264f33305004495a9","hash":"7cadff9a2e02e4c49d40f828a531a757e0679e02"}
,"/Users/mmecoco/Desktop/musical-practice/client/lib/migration.ts": {"path":"/Users/mmecoco/Desktop/musical-practice/client/lib/migration.ts","statementMap":{"0":{"start":{"line":8,"column":43},"end":{"line":8,"column":47}},"1":{"start":{"line":11,"column":4},"end":{"line":15,"column":12}},"2":{"start":{"line":17,"column":2},"end":{"line":21,"column":4}}},"fnMap":{"0":{"name":"migrateSheetMusic","decl":{"start":{"line":7,"column":16},"end":{"line":7,"column":33}},"loc":{"start":{"line":7,"column":57},"end":{"line":22,"column":1}},"line":7}},"branchMap":{"0":{"loc":{"start":{"line":11,"column":4},"end":{"line":15,"column":12}},"type":"cond-expr","locations":[{"start":{"line":12,"column":8},"end":{"line":12,"column":17}},{"start":{"line":13,"column":8},"end":{"line":15,"column":12}}],"line":11},"1":{"loc":{"start":{"line":13,"column":8},"end":{"line":15,"column":12}},"type":"cond-expr","locations":[{"start":{"line":14,"column":10},"end":{"line":14,"column":20}},{"start":{"line":15,"column":10},"end":{"line":15,"column":12}}],"line":13}},"s":{"0":4,"1":4,"2":4},"f":{"0":4},"b":{"0":[3,1],"1":[1,0]},"_coverageSchema":"1a1c01bbd47fc00a2c39e90264f33305004495a9","hash":"953ab2b08125ec3942531c2387b57754fc52c74c"}
,"/Users/mmecoco/Desktop/musical-practice/client/lib/audio/audioStream.ts": {"path":"/Users/mmecoco/Desktop/musical-practice/client/lib/audio/audioStream.ts","statementMap":{"0":{"start":{"line":5,"column":20},"end":{"line":5,"column":25}},"1":{"start":{"line":11,"column":2},"end":{"line":13,"column":3}},"2":{"start":{"line":12,"column":4},"end":{"line":12,"column":31}},"3":{"start":{"line":15,"column":23},"end":{"line":15,"column":35}},"4":{"start":{"line":16,"column":14},"end":{"line":16,"column":33}},"5":{"start":{"line":17,"column":2},"end":{"line":19,"column":3}},"6":{"start":{"line":18,"column":4},"end":{"line":18,"column":31}},"7":{"start":{"line":21,"column":16},"end":{"line":21,"column":35}},"8":{"start":{"line":22,"column":2},"end":{"line":24,"column":3}},"9":{"start":{"line":22,"column":15},"end":{"line":22,"column":16}},"10":{"start":{"line":23,"column":4},"end":{"line":23,"column":42}},"11":{"start":{"line":26,"column":21},"end":{"line":26,"column":49}},"12":{"start":{"line":27,"column":23},"end":{"line":27,"column":58}},"13":{"start":{"line":28,"column":2},"end":{"line":30,"column":3}},"14":{"start":{"line":28,"column":15},"end":{"line":28,"column":16}},"15":{"start":{"line":29,"column":4},"end":{"line":29,"column":44}},"16":{"start":{"line":32,"column":2},"end":{"line":32,"column":22}},"17":{"start":{"line":41,"column":2},"end":{"line":41,"column":28}},"18":{"start":{"line":41,"column":21},"end":{"line":41,"column":28}},"19":{"start":{"line":43,"column":2},"end":{"line":51,"column":5}},"20":{"start":{"line":53,"column":2},"end":{"line":53,"column":23}},"21":{"start":{"line":63,"column":2},"end":{"line":65,"column":3}},"22":{"start":{"line":64,"column":4},"end":{"line":64,"column":22}},"23":{"start":{"line":67,"column":19},"end":{"line":67,"column":24}},"24":{"start":{"line":69,"column":2},"end":{"line":82,"column":5}},"25":{"start":{"line":71,"column":4},"end":{"line":71,"column":27}},"26":{"start":{"line":71,"column":20},"end":{"line":71,"column":27}},"27":{"start":{"line":72,"column":4},"end":{"line":72,"column":22}},"28":{"start":{"line":74,"column":4},"end":{"line":81,"column":5}},"29":{"start":{"line":75,"column":26},"end":{"line":75,"column":53}},"30":{"start":{"line":76,"column":6},"end":{"line":78,"column":7}},"31":{"start":{"line":77,"column":8},"end":{"line":77,"column":28}},"32":{"start":{"line":80,"column":6},"end":{"line":80,"column":25}},"33":{"start":{"line":84,"column":2},"end":{"line":84,"column":26}},"34":{"start":{"line":86,"column":2},"end":{"line":89,"column":4}},"35":{"start":{"line":87,"column":4},"end":{"line":87,"column":27}},"36":{"start":{"line":88,"column":4},"end":{"line":88,"column":26}},"37":{"start":{"line":96,"column":2},"end":{"line":100,"column":3}},"38":{"start":{"line":97,"column":4},"end":{"line":97,"column":27}},"39":{"start":{"line":101,"column":2},"end":{"line":101,"column":24}}},"fnMap":{"0":{"name":"base64ToFloat32","decl":{"start":{"line":10,"column":16},"end":{"line":10,"column":31}},"loc":{"start":{"line":10,"column":62},"end":{"line":33,"column":1}},"line":10},"1":{"name":"initAudioStream","decl":{"start":{"line":38,"column":16},"end":{"line":38,"column":31}},"loc":{"start":{"line":40,"column":8},"end":{"line":54,"column":1}},"line":40},"2":{"name":"startAudioStream","decl":{"start":{"line":60,"column":16},"end":{"line":60,"column":32}},"loc":{"start":{"line":62,"column":14},"end":{"line":90,"column":1}},"line":62},"3":{"name":"(anonymous_3)","decl":{"start":{"line":69,"column":29},"end":{"line":69,"column":30}},"loc":{"start":{"line":69,"column":53},"end":{"line":82,"column":3}},"line":69},"4":{"name":"(anonymous_4)","decl":{"start":{"line":86,"column":9},"end":{"line":86,"column":10}},"loc":{"start":{"line":86,"column":15},"end":{"line":89,"column":3}},"line":86},"5":{"name":"stopAudioStream","decl":{"start":{"line":95,"column":16},"end":{"line":95,"column":31}},"loc":{"start":{"line":95,"column":40},"end":{"line":102,"column":1}},"line":95}},"branchMap":{"0":{"loc":{"start":{"line":11,"column":2},"end":{"line":13,"column":3}},"type":"if","locations":[{"start":{"line":11,"column":2},"end":{"line":13,"column":3}},{"start":{},"end":{}}],"line":11},"1":{"loc":{"start":{"line":11,"column":6},"end":{"line":11,"column":36}},"type":"binary-expr","locations":[{"start":{"line":11,"column":6},"end":{"line":11,"column":13}},{"start":{"line":11,"column":17},"end":{"line":11,"column":36}}],"line":11},"2":{"loc":{"start":{"line":17,"column":2},"end":{"line":19,"column":3}},"type":"if","locations":[{"start":{"line":17,"column":2},"end":{"line":19,"column":3}},{"start":{},"end":{}}],"line":17},"3":{"loc":{"start":{"line":39,"column":2},"end":{"line":39,"column":50}},"type":"default-arg","locations":[{"start":{"line":39,"column":30},"end":{"line":39,"column":50}}],"line":39},"4":{"loc":{"start":{"line":41,"column":2},"end":{"line":41,"column":28}},"type":"if","locations":[{"start":{"line":41,"column":2},"end":{"line":41,"column":28}},{"start":{},"end":{}}],"line":41},"5":{"loc":{"start":{"line":63,"column":2},"end":{"line":65,"column":3}},"type":"if","locations":[{"start":{"line":63,"column":2},"end":{"line":65,"column":3}},{"start":{},"end":{}}],"line":63},"6":{"loc":{"start":{"line":71,"column":4},"end":{"line":71,"column":27}},"type":"if","locations":[{"start":{"line":71,"column":4},"end":{"line":71,"column":27}},{"start":{},"end":{}}],"line":71},"7":{"loc":{"start":{"line":76,"column":6},"end":{"line":78,"column":7}},"type":"if","locations":[{"start":{"line":76,"column":6},"end":{"line":78,"column":7}},{"start":{},"end":{}}],"line":76}},"s":{"0":1,"1":11,"2":3,"3":8,"4":8,"5":8,"6":0,"7":8,"8":8,"9":8,"10":32,"11":8,"12":8,"13":8,"14":8,"15":16,"16":8,"17":16,"18":1,"19":15,"20":15,"21":8,"22":8,"23":8,"24":8,"25":7,"26":0,"27":7,"28":7,"29":7,"30":7,"31":6,"32":7,"33":8,"34":8,"35":1,"36":1,"37":22,"38":22,"39":22},"f":{"0":11,"1":16,"2":8,"3":7,"4":1,"5":22},"b":{"0":[3,8],"1":[11,8],"2":[0,8],"3":[11],"4":[1,15],"5":[8,0],"6":[0,7],"7":[6,1]},"_coverageSchema":"1a1c01bbd47fc00a2c39e90264f33305004495a9","hash":"ddcbf1121f33f1addefdca1a50787058bd926710"}
,"/Users/mmecoco/Desktop/musical-practice/client/lib/audio/noteMapping.ts": {"path":"/Users/mmecoco/Desktop/musical-practice/client/lib/audio/noteMapping.ts","statementMap":{"0":{"start":{"line":3,"column":19},"end":{"line":3,"column":93}},"1":{"start":{"line":5,"column":21},"end":{"line":5,"column":24}},"2":{"start":{"line":6,"column":16},"end":{"line":6,"column":18}},"3":{"start":{"line":9,"column":22},"end":{"line":9,"column":24}},"4":{"start":{"line":10,"column":22},"end":{"line":10,"column":26}},"5":{"start":{"line":17,"column":2},"end":{"line":17,"column":58}},"6":{"start":{"line":17,"column":46},"end":{"line":17,"column":58}},"7":{"start":{"line":18,"column":2},"end":{"line":18,"column":74}},"8":{"start":{"line":18,"column":62},"end":{"line":18,"column":74}},"9":{"start":{"line":20,"column":19},"end":{"line":20,"column":69}},"10":{"start":{"line":21,"column":22},"end":{"line":21,"column":42}},"11":{"start":{"line":22,"column":20},"end":{"line":22,"column":50}},"12":{"start":{"line":23,"column":17},"end":{"line":23,"column":49}},"13":{"start":{"line":24,"column":15},"end":{"line":24,"column":36}},"14":{"start":{"line":26,"column":2},"end":{"line":30,"column":4}},"15":{"start":{"line":38,"column":20},"end":{"line":38,"column":79}},"16":{"start":{"line":39,"column":2},"end":{"line":39,"column":33}},"17":{"start":{"line":39,"column":24},"end":{"line":39,"column":33}},"18":{"start":{"line":41,"column":19},"end":{"line":41,"column":48}},"19":{"start":{"line":42,"column":2},"end":{"line":42,"column":63}},"20":{"start":{"line":50,"column":2},"end":{"line":50,"column":53}},"21":{"start":{"line":50,"column":44},"end":{"line":50,"column":53}},"22":{"start":{"line":51,"column":2},"end":{"line":51,"column":53}},"23":{"start":{"line":59,"column":2},"end":{"line":59,"column":38}}},"fnMap":{"0":{"name":"frequencyToNote","decl":{"start":{"line":16,"column":16},"end":{"line":16,"column":31}},"loc":{"start":{"line":16,"column":68},"end":{"line":31,"column":1}},"line":16},"1":{"name":"noteToFrequency","decl":{"start":{"line":37,"column":16},"end":{"line":37,"column":31}},"loc":{"start":{"line":37,"column":74},"end":{"line":43,"column":1}},"line":37},"2":{"name":"calculateCents","decl":{"start":{"line":49,"column":16},"end":{"line":49,"column":30}},"loc":{"start":{"line":49,"column":81},"end":{"line":52,"column":1}},"line":49},"3":{"name":"keyToFrequency","decl":{"start":{"line":58,"column":16},"end":{"line":58,"column":30}},"loc":{"start":{"line":58,"column":64},"end":{"line":60,"column":1}},"line":58}},"branchMap":{"0":{"loc":{"start":{"line":17,"column":2},"end":{"line":17,"column":58}},"type":"if","locations":[{"start":{"line":17,"column":2},"end":{"line":17,"column":58}},{"start":{},"end":{}}],"line":17},"1":{"loc":{"start":{"line":17,"column":6},"end":{"line":17,"column":44}},"type":"binary-expr","locations":[{"start":{"line":17,"column":6},"end":{"line":17,"column":20}},{"start":{"line":17,"column":24},"end":{"line":17,"column":44}}],"line":17},"2":{"loc":{"start":{"line":18,"column":2},"end":{"line":18,"column":74}},"type":"if","locations":[{"start":{"line":18,"column":2},"end":{"line":18,"column":74}},{"start":{},"end":{}}],"line":18},"3":{"loc":{"start":{"line":18,"column":6},"end":{"line":18,"column":60}},"type":"binary-expr","locations":[{"start":{"line":18,"column":6},"end":{"line":18,"column":31}},{"start":{"line":18,"column":35},"end":{"line":18,"column":60}}],"line":18},"4":{"loc":{"start":{"line":39,"column":2},"end":{"line":39,"column":33}},"type":"if","locations":[{"start":{"line":39,"column":2},"end":{"line":39,"column":33}},{"start":{},"end":{}}],"line":39},"5":{"loc":{"start":{"line":50,"column":2},"end":{"line":50,"column":53}},"type":"if","locations":[{"start":{"line":50,"column":2},"end":{"line":50,"column":53}},{"start":{},"end":{}}],"line":50},"6":{"loc":{"start":{"line":50,"column":6},"end":{"line":50,"column":42}},"type":"binary-expr","locations":[{"start":{"line":50,"column":6},"end":{"line":50,"column":23}},{"start":{"line":50,"column":27},"end":{"line":50,"column":42}}],"line":50},"7":{"loc":{"start":{"line":58,"column":44},"end":{"line":58,"column":54}},"type":"default-arg","locations":[{"start":{"line":58,"column":53},"end":{"line":58,"column":54}}],"line":58}},"s":{"0":2,"1":2,"2":2,"3":2,"4":2,"5":57,"6":6,"7":51,"8":4,"9":47,"10":47,"11":47,"12":47,"13":47,"14":47,"15":99,"16":99,"17":3,"18":96,"19":96,"20":49,"21":3,"22":46,"23":4},"f":{"0":57,"1":99,"2":49,"3":4},"b":{"0":[6,51],"1":[57,53],"2":[4,47],"3":[51,49],"4":[3,96],"5":[3,46],"6":[49,47],"7":[3]},"_coverageSchema":"1a1c01bbd47fc00a2c39e90264f33305004495a9","hash":"109d1c5259caba66d4d977590f0c75b8fbd52c3e"}
,"/Users/mmecoco/Desktop/musical-practice/client/lib/audio/pitchDetector.ts": {"path":"/Users/mmecoco/Desktop/musical-practice/client/lib/audio/pitchDetector.ts","statementMap":{"0":{"start":{"line":6,"column":19},"end":{"line":6,"column":23}},"1":{"start":{"line":8,"column":52},"end":{"line":8,"column":56}},"2":{"start":{"line":10,"column":18},"end":{"line":10,"column":37}},"3":{"start":{"line":16,"column":2},"end":{"line":16,"column":56}},"4":{"start":{"line":17,"column":2},"end":{"line":17,"column":35}},"5":{"start":{"line":18,"column":2},"end":{"line":18,"column":36}},"6":{"start":{"line":29,"column":2},"end":{"line":31,"column":3}},"7":{"start":{"line":30,"column":4},"end":{"line":30,"column":29}},"8":{"start":{"line":34,"column":2},"end":{"line":36,"column":3}},"9":{"start":{"line":35,"column":4},"end":{"line":35,"column":16}},"10":{"start":{"line":39,"column":25},"end":{"line":39,"column":80}},"11":{"start":{"line":40,"column":2},"end":{"line":40,"column":34}},"12":{"start":{"line":41,"column":2},"end":{"line":41,"column":52}},"13":{"start":{"line":42,"column":2},"end":{"line":42,"column":31}},"14":{"start":{"line":45,"column":2},"end":{"line":47,"column":3}},"15":{"start":{"line":46,"column":4},"end":{"line":46,"column":16}},"16":{"start":{"line":50,"column":22},"end":{"line":50,"column":72}},"17":{"start":{"line":52,"column":2},"end":{"line":52,"column":36}},"18":{"start":{"line":54,"column":2},"end":{"line":76,"column":3}},"19":{"start":{"line":55,"column":33},"end":{"line":55,"column":77}},"20":{"start":{"line":57,"column":4},"end":{"line":59,"column":5}},"21":{"start":{"line":58,"column":6},"end":{"line":58,"column":18}},"22":{"start":{"line":61,"column":21},"end":{"line":61,"column":47}},"23":{"start":{"line":62,"column":4},"end":{"line":62,"column":31}},"24":{"start":{"line":62,"column":19},"end":{"line":62,"column":31}},"25":{"start":{"line":64,"column":18},"end":{"line":64,"column":63}},"26":{"start":{"line":66,"column":4},"end":{"line":72,"column":6}},"27":{"start":{"line":74,"column":4},"end":{"line":74,"column":79}},"28":{"start":{"line":75,"column":4},"end":{"line":75,"column":16}},"29":{"start":{"line":83,"column":2},"end":{"line":83,"column":18}},"30":{"start":{"line":84,"column":2},"end":{"line":84,"column":36}}},"fnMap":{"0":{"name":"initDetector","decl":{"start":{"line":15,"column":16},"end":{"line":15,"column":28}},"loc":{"start":{"line":15,"column":55},"end":{"line":19,"column":1}},"line":15},"1":{"name":"detectPitch","decl":{"start":{"line":25,"column":16},"end":{"line":25,"column":27}},"loc":{"start":{"line":28,"column":22},"end":{"line":77,"column":1}},"line":28},"2":{"name":"destroyDetector","decl":{"start":{"line":82,"column":16},"end":{"line":82,"column":31}},"loc":{"start":{"line":82,"column":40},"end":{"line":85,"column":1}},"line":82}},"branchMap":{"0":{"loc":{"start":{"line":29,"column":2},"end":{"line":31,"column":3}},"type":"if","locations":[{"start":{"line":29,"column":2},"end":{"line":31,"column":3}},{"start":{},"end":{}}],"line":29},"1":{"loc":{"start":{"line":34,"column":2},"end":{"line":36,"column":3}},"type":"if","locations":[{"start":{"line":34,"column":2},"end":{"line":36,"column":3}},{"start":{},"end":{}}],"line":34},"2":{"loc":{"start":{"line":34,"column":6},"end":{"line":34,"column":42}},"type":"binary-expr","locations":[{"start":{"line":34,"column":6},"end":{"line":34,"column":16}},{"start":{"line":34,"column":20},"end":{"line":34,"column":42}}],"line":34},"3":{"loc":{"start":{"line":45,"column":2},"end":{"line":47,"column":3}},"type":"if","locations":[{"start":{"line":45,"column":2},"end":{"line":47,"column":3}},{"start":{},"end":{}}],"line":45},"4":{"loc":{"start":{"line":57,"column":4},"end":{"line":59,"column":5}},"type":"if","locations":[{"start":{"line":57,"column":4},"end":{"line":59,"column":5}},{"start":{},"end":{}}],"line":57},"5":{"loc":{"start":{"line":57,"column":8},"end":{"line":57,"column":53}},"type":"binary-expr","locations":[{"start":{"line":57,"column":8},"end":{"line":57,"column":35}},{"start":{"line":57,"column":39},"end":{"line":57,"column":53}}],"line":57},"6":{"loc":{"start":{"line":62,"column":4},"end":{"line":62,"column":31}},"type":"if","locations":[{"start":{"line":62,"column":4},"end":{"line":62,"column":31}},{"start":{},"end":{}}],"line":62},"7":{"loc":{"start":{"line":74,"column":43},"end":{"line":74,"column":77}},"type":"cond-expr","locations":[{"start":{"line":74,"column":64},"end":{"line":74,"column":73}},{"start":{"line":74,"column":76},"end":{"line":74,"column":77}}],"line":74}},"s":{"0":2,"1":2,"2":2,"3":59,"4":59,"5":59,"6":169,"7":1,"8":169,"9":2,"10":167,"11":167,"12":167,"13":167,"14":167,"15":13,"16":154,"17":154,"18":154,"19":154,"20":152,"21":4,"22":148,"23":148,"24":0,"25":148,"26":148,"27":2,"28":2,"29":60,"30":60},"f":{"0":59,"1":169,"2":60},"b":{"0":[1,168],"1":[2,167],"2":[169,168],"3":[13,154],"4":[4,148],"5":[152,150],"6":[0,148],"7":[2,0]},"_coverageSchema":"1a1c01bbd47fc00a2c39e90264f33305004495a9","hash":"74681225cb34dfe95419b6d16c0f7b66583338be"}
,"/Users/mmecoco/Desktop/musical-practice/client/lib/audio/staffMapping.ts": {"path":"/Users/mmecoco/Desktop/musical-practice/client/lib/audio/staffMapping.ts","statementMap":{"0":{"start":{"line":27,"column":47},"end":{"line":35,"column":1}},"1":{"start":{"line":41,"column":24},"end":{"line":41,"column":26}},"2":{"start":{"line":42,"column":21},"end":{"line":42,"column":23}},"3":{"start":{"line":43,"column":20},"end":{"line":43,"column":21}},"4":{"start":{"line":44,"column":23},"end":{"line":44,"column":43}},"5":{"start":{"line":55,"column":17},"end":{"line":55,"column":21}},"6":{"start":{"line":58,"column":2},"end":{"line":64,"column":3}},"7":{"start":{"line":59,"column":4},"end":{"line":59,"column":37}},"8":{"start":{"line":60,"column":4},"end":{"line":60,"column":25}},"9":{"start":{"line":61,"column":9},"end":{"line":64,"column":3}},"10":{"start":{"line":62,"column":4},"end":{"line":62,"column":37}},"11":{"start":{"line":63,"column":4},"end":{"line":63,"column":24}},"12":{"start":{"line":66,"column":20},"end":{"line":66,"column":44}},"13":{"start":{"line":67,"column":2},"end":{"line":69,"column":3}},"14":{"start":{"line":68,"column":4},"end":{"line":68,"column":72}},"15":{"start":{"line":72,"column":19},"end":{"line":72,"column":41}},"16":{"start":{"line":76,"column":22},"end":{"line":76,"column":53}},"17":{"start":{"line":77,"column":19},"end":{"line":77,"column":34}},"18":{"start":{"line":81,"column":23},"end":{"line":81,"column":46}},"19":{"start":{"line":82,"column":12},"end":{"line":82,"column":35}},"20":{"start":{"line":87,"column":19},"end":{"line":87,"column":37}},"21":{"start":{"line":90,"column":25},"end":{"line":90,"column":26}},"22":{"start":{"line":91,"column":2},"end":{"line":101,"column":3}},"23":{"start":{"line":95,"column":23},"end":{"line":95,"column":49}},"24":{"start":{"line":96,"column":4},"end":{"line":96,"column":49}},"25":{"start":{"line":97,"column":9},"end":{"line":101,"column":3}},"26":{"start":{"line":99,"column":23},"end":{"line":99,"column":46}},"27":{"start":{"line":100,"column":4},"end":{"line":100,"column":49}},"28":{"start":{"line":103,"column":2},"end":{"line":103,"column":55}}},"fnMap":{"0":{"name":"noteToStaffY","decl":{"start":{"line":49,"column":16},"end":{"line":49,"column":28}},"loc":{"start":{"line":53,"column":17},"end":{"line":104,"column":1}},"line":53}},"branchMap":{"0":{"loc":{"start":{"line":58,"column":2},"end":{"line":64,"column":3}},"type":"if","locations":[{"start":{"line":58,"column":2},"end":{"line":64,"column":3}},{"start":{"line":61,"column":9},"end":{"line":64,"column":3}}],"line":58},"1":{"loc":{"start":{"line":61,"column":9},"end":{"line":64,"column":3}},"type":"if","locations":[{"start":{"line":61,"column":9},"end":{"line":64,"column":3}},{"start":{},"end":{}}],"line":61},"2":{"loc":{"start":{"line":61,"column":13},"end":{"line":61,"column":50}},"type":"binary-expr","locations":[{"start":{"line":61,"column":13},"end":{"line":61,"column":31}},{"start":{"line":61,"column":35},"end":{"line":61,"column":50}}],"line":61},"3":{"loc":{"start":{"line":67,"column":2},"end":{"line":69,"column":3}},"type":"if","locations":[{"start":{"line":67,"column":2},"end":{"line":69,"column":3}},{"start":{},"end":{}}],"line":67},"4":{"loc":{"start":{"line":91,"column":2},"end":{"line":101,"column":3}},"type":"if","locations":[{"start":{"line":91,"column":2},"end":{"line":101,"column":3}},{"start":{"line":97,"column":9},"end":{"line":101,"column":3}}],"line":91},"5":{"loc":{"start":{"line":97,"column":9},"end":{"line":101,"column":3}},"type":"if","locations":[{"start":{"line":97,"column":9},"end":{"line":101,"column":3}},{"start":{},"end":{}}],"line":97}},"s":{"0":2,"1":2,"2":2,"3":2,"4":2,"5":26,"6":26,"7":2,"8":2,"9":24,"10":2,"11":2,"12":26,"13":26,"14":0,"15":26,"16":26,"17":26,"18":26,"19":26,"20":26,"21":26,"22":26,"23":5,"24":5,"25":21,"26":2,"27":2,"28":26},"f":{"0":26},"b":{"0":[2,24],"1":[2,22],"2":[24,2],"3":[0,26],"4":[5,21],"5":[2,19]},"_coverageSchema":"1a1c01bbd47fc00a2c39e90264f33305004495a9","hash":"19ea79e32e398abff1b08ddd6a89f4ddd33d1cd2"}
,"/Users/mmecoco/Desktop/musical-practice/client/lib/audio/types.ts": {"path":"/Users/mmecoco/Desktop/musical-practice/client/lib/audio/types.ts","statementMap":{"0":{"start":{"line":28,"column":55},"end":{"line":33,"column":1}},"1":{"start":{"line":35,"column":33},"end":{"line":35,"column":37}},"2":{"start":{"line":36,"column":31},"end":{"line":36,"column":33}}},"fnMap":{},"branchMap":{},"s":{"0":5,"1":5,"2":5},"f":{},"b":{},"_coverageSchema":"1a1c01bbd47fc00a2c39e90264f33305004495a9","hash":"749bc8ed928e0ced90a1eabbd9a6590af75dbaf0"}
}
