TN:
SF:__tests__/helpers/generateSineWave.ts
FN:4,generateSineWave
FNF:1
FNH:1
FNDA:46,generateSineWave
DA:15,46
DA:17,46
DA:18,46
DA:20,46
DA:21,298455
DA:24,46
LF:6
LH:6
BRDA:12,0,0,3
BRDA:13,1,0,3
BRDA:14,2,0,3
BRF:3
BRH:3
end_of_record
TN:
SF:client/components/AudioPlayer.tsx
FN:12,formatTime
FN:19,AudioPlayer
FN:34,(anonymous_2)
FN:36,(anonymous_3)
FN:41,(anonymous_4)
FN:66,(anonymous_5)
FNF:6
FNH:6
FNDA:8,formatTime
FNDA:4,AudioPlayer
FNDA:4,(anonymous_2)
FNDA:4,(anonymous_3)
FNDA:1,(anonymous_4)
FNDA:4,(anonymous_5)
DA:13,8
DA:14,8
DA:15,8
DA:16,8
DA:19,1
DA:20,4
DA:32,4
DA:34,4
DA:35,4
DA:36,4
DA:37,4
DA:41,4
DA:42,1
DA:43,0
DA:45,1
DA:49,4
DA:51,4
DA:52,0
DA:60,4
DA:66,4
DA:100,1
LF:21
LH:19
BRDA:42,0,0,0
BRDA:42,0,1,1
BRDA:49,1,0,4
BRDA:49,1,1,0
BRDA:51,2,0,0
BRDA:51,2,1,4
BRDA:68,3,0,0
BRDA:68,3,1,4
BRDA:72,4,0,0
BRDA:72,4,1,4
BRF:10
BRH:5
end_of_record
TN:
SF:client/components/CentsIndicator.tsx
FN:18,CentsIndicator
FN:25,(anonymous_1)
FN:31,(anonymous_2)
FNF:3
FNH:3
FNDA:7,CentsIndicator
FNDA:7,(anonymous_1)
FNDA:7,(anonymous_2)
DA:12,1
DA:18,1
DA:22,7
DA:23,7
DA:25,7
DA:26,7
DA:27,7
DA:28,7
DA:31,7
DA:35,7
DA:37,7
DA:39,7
DA:75,1
LF:13
LH:13
BRDA:20,0,0,5
BRDA:37,1,0,2
BRDA:37,1,1,5
BRDA:37,2,0,3
BRDA:37,2,1,2
BRDA:44,3,0,4
BRDA:44,3,1,3
BRF:7
BRH:7
end_of_record
TN:
SF:client/components/MusicalStaff.tsx
FN:26,MusicalStaff
FN:54,(anonymous_1)
FN:87,(anonymous_2)
FN:101,(anonymous_3)
FN:166,StaffLines
FN:169,(anonymous_5)
FNF:6
FNH:5
FNDA:7,MusicalStaff
FNDA:2,(anonymous_1)
FNDA:15,(anonymous_2)
FNDA:0,(anonymous_3)
FNDA:3,StaffLines
FNDA:15,(anonymous_5)
DA:18,1
DA:19,1
DA:20,1
DA:21,1
DA:22,1
DA:23,1
DA:24,1
DA:26,1
DA:33,7
DA:35,7
DA:36,1
DA:46,6
DA:47,2
DA:54,2
DA:66,4
DA:67,1
DA:76,3
DA:78,3
DA:80,3
DA:81,3
DA:83,3
DA:88,15
DA:102,0
DA:103,0
DA:106,0
DA:167,3
DA:170,15
DA:192,1
LF:28
LH:25
BRDA:35,0,0,1
BRDA:35,0,1,6
BRDA:46,1,0,2
BRDA:46,1,1,4
BRDA:56,2,0,0
BRDA:56,2,1,2
BRDA:66,3,0,1
BRDA:66,3,1,3
BRDA:78,4,0,3
BRDA:78,4,1,0
BRDA:78,5,0,0
BRDA:78,5,1,0
BRDA:100,6,0,3
BRDA:100,6,1,0
BRDA:103,7,0,0
BRDA:103,7,1,0
BRDA:130,8,0,3
BRDA:130,8,1,0
BRDA:138,9,0,0
BRDA:138,9,1,0
BRF:20
BRH:10
end_of_record
TN:
SF:client/components/PitchDisplay.tsx
FN:16,PitchDisplay
FN:41,(anonymous_1)
FNF:2
FNH:2
FNDA:11,PitchDisplay
FNDA:2,(anonymous_1)
DA:16,1
DA:23,11
DA:25,11
DA:26,2
DA:36,9
DA:37,2
DA:41,2
DA:53,7
DA:54,1
DA:64,6
DA:66,6
DA:68,6
DA:70,6
DA:96,1
LF:14
LH:14
BRDA:25,0,0,2
BRDA:25,0,1,9
BRDA:36,1,0,2
BRDA:36,1,1,7
BRDA:43,2,0,0
BRDA:43,2,1,2
BRDA:53,3,0,1
BRDA:53,3,1,6
BRDA:66,4,0,4
BRDA:66,4,1,2
BRDA:66,5,0,0
BRDA:66,5,1,2
BRDA:68,6,0,4
BRDA:68,6,1,2
BRDA:68,7,0,1
BRDA:68,7,1,1
BRDA:84,8,0,6
BRDA:84,8,1,1
BRF:18
BRH:16
end_of_record
TN:
SF:client/components/SheetCard.tsx
FN:16,SheetCard
FN:23,(anonymous_1)
FN:41,(anonymous_2)
FNF:3
FNH:2
FNDA:5,SheetCard
FNDA:0,(anonymous_1)
FNDA:5,(anonymous_2)
DA:17,5
DA:19,5
DA:20,0
DA:23,0
DA:38,5
DA:41,5
DA:95,1
LF:7
LH:5
BRDA:19,0,0,0
BRDA:19,0,1,5
BRDA:25,1,0,0
BRDA:25,1,1,0
BRDA:25,2,0,0
BRDA:25,2,1,0
BRDA:43,3,0,0
BRDA:43,3,1,5
BRDA:43,4,0,0
BRDA:43,4,1,5
BRDA:49,5,0,5
BRDA:49,5,1,2
BRDA:54,6,0,5
BRDA:54,6,1,1
BRDA:66,7,0,5
BRDA:66,7,1,0
BRDA:69,8,0,0
BRDA:69,8,1,0
BRDA:71,9,0,0
BRDA:71,9,1,0
BRF:20
BRH:8
end_of_record
TN:
SF:client/components/SheetMusicPager.tsx
FN:11,SheetMusicPager
FN:21,(anonymous_1)
FN:48,(anonymous_2)
FN:49,(anonymous_3)
FN:62,(anonymous_4)
FNF:5
FNH:4
FNDA:4,SheetMusicPager
FNDA:0,(anonymous_1)
FNDA:10,(anonymous_2)
FNDA:7,(anonymous_3)
FNDA:6,(anonymous_4)
DA:11,1
DA:14,4
DA:15,4
DA:16,4
DA:18,4
DA:20,4
DA:22,0
DA:23,0
DA:24,0
DA:29,4
DA:30,1
DA:39,3
DA:48,10
DA:50,7
DA:63,6
DA:81,1
LF:16
LH:13
BRDA:29,0,0,1
BRDA:29,0,1,3
BRDA:60,1,0,3
BRDA:60,1,1,2
BRDA:70,2,0,2
BRDA:70,2,1,4
BRF:6
BRH:6
end_of_record
TN:
SF:client/constants/theme.ts
FNF:0
FNH:0
DA:3,6
DA:58,6
DA:72,6
DA:83,6
DA:140,6
LF:5
LH:5
BRF:0
BRH:0
end_of_record
TN:
SF:client/hooks/useAudioPermission.ts
FN:12,configureAudioSession
FN:29,useAudioPermission
FN:32,(anonymous_2)
FN:46,(anonymous_3)
FN:50,(anonymous_4)
FN:67,(anonymous_5)
FNF:6
FNH:5
FNDA:2,configureAudioSession
FNDA:16,useAudioPermission
FNDA:9,(anonymous_2)
FNDA:9,(anonymous_3)
FNDA:6,(anonymous_4)
FNDA:0,(anonymous_5)
DA:13,2
DA:14,2
DA:30,16
DA:32,16
DA:33,9
DA:34,1
DA:35,1
DA:38,8
DA:39,8
DA:40,7
DA:42,1
DA:46,16
DA:47,9
DA:50,16
DA:51,6
DA:53,5
DA:54,5
DA:55,4
DA:56,4
DA:58,4
DA:60,2
DA:62,2
DA:67,0
DA:72,4
DA:74,1
DA:75,1
DA:79,16
LF:27
LH:26
BRDA:33,0,0,1
BRDA:33,0,1,8
BRDA:40,1,0,1
BRDA:40,1,1,6
BRDA:51,2,0,1
BRDA:51,2,1,5
BRDA:56,3,0,2
BRDA:56,3,1,2
BRDA:58,4,0,2
BRDA:58,4,1,2
BRF:10
BRH:10
end_of_record
TN:
SF:client/hooks/useAudioPlayer.ts
FN:17,useAudioPlayer
FN:25,(anonymous_1)
FN:35,(anonymous_2)
FN:66,(anonymous_3)
FN:72,(anonymous_4)
FN:78,(anonymous_5)
FN:84,(anonymous_6)
FN:96,(anonymous_7)
FN:97,(anonymous_8)
FNF:9
FNH:8
FNDA:15,useAudioPlayer
FNDA:0,(anonymous_1)
FNDA:7,(anonymous_2)
FNDA:1,(anonymous_3)
FNDA:1,(anonymous_4)
FNDA:1,(anonymous_5)
FNDA:1,(anonymous_6)
FNDA:8,(anonymous_7)
FNDA:8,(anonymous_8)
DA:18,15
DA:19,15
DA:20,15
DA:21,15
DA:22,15
DA:23,15
DA:25,15
DA:26,0
DA:27,0
DA:28,0
DA:29,0
DA:30,0
DA:34,15
DA:36,7
DA:38,6
DA:39,6
DA:42,6
DA:43,0
DA:46,6
DA:52,5
DA:53,5
DA:55,5
DA:56,5
DA:59,1
DA:60,1
DA:66,15
DA:67,1
DA:68,1
DA:72,15
DA:73,1
DA:74,1
DA:78,15
DA:79,1
DA:80,1
DA:84,15
DA:85,1
DA:86,1
DA:87,1
DA:89,1
DA:90,1
DA:91,1
DA:92,1
DA:96,15
DA:97,8
DA:98,8
DA:99,4
DA:104,15
LF:47
LH:41
BRDA:26,0,0,0
BRDA:26,0,1,0
BRDA:29,1,0,0
BRDA:29,1,1,0
BRDA:36,2,0,1
BRDA:36,2,1,6
BRDA:42,3,0,0
BRDA:42,3,1,6
BRDA:55,4,0,5
BRDA:55,4,1,0
BRDA:55,5,0,5
BRDA:55,5,1,5
BRDA:59,6,0,1
BRDA:59,6,1,0
BRDA:67,7,0,1
BRDA:67,7,1,0
BRDA:73,8,0,1
BRDA:73,8,1,0
BRDA:79,9,0,1
BRDA:79,9,1,0
BRDA:85,10,0,1
BRDA:85,10,1,0
BRDA:98,11,0,4
BRDA:98,11,1,4
BRF:24
BRH:13
end_of_record
TN:
SF:client/hooks/usePitchAccuracy.ts
FN:10,usePitchAccuracy
FN:20,(anonymous_1)
FN:37,(anonymous_2)
FNF:3
FNH:3
FNDA:19,usePitchAccuracy
FNDA:23,(anonymous_1)
FNDA:2,(anonymous_2)
DA:11,19
DA:17,19
DA:18,19
DA:20,19
DA:21,23
DA:22,23
DA:23,16
DA:26,23
DA:27,23
DA:28,23
DA:30,23
DA:37,19
DA:38,2
DA:39,2
DA:40,2
DA:47,19
LF:16
LH:16
BRDA:22,0,0,16
BRDA:22,0,1,7
BRDA:28,1,0,23
BRDA:28,1,1,0
BRF:4
BRH:3
end_of_record
TN:
SF:client/hooks/usePitchDetection.ts
FN:19,usePitchDetection
FN:28,(anonymous_1)
FN:42,(anonymous_2)
FN:62,(anonymous_3)
FN:83,(anonymous_4)
FN:84,(anonymous_5)
FN:90,(anonymous_6)
FNF:7
FNH:7
FNDA:16,usePitchDetection
FNDA:10,(anonymous_1)
FNDA:6,(anonymous_2)
FNDA:1,(anonymous_3)
FNDA:7,(anonymous_4)
FNDA:1,(anonymous_5)
FNDA:7,(anonymous_6)
DA:9,1
DA:20,16
DA:21,16
DA:22,16
DA:24,16
DA:25,16
DA:26,16
DA:28,16
DA:29,10
DA:30,10
DA:31,10
DA:33,10
DA:34,5
DA:35,5
DA:38,10
DA:39,10
DA:42,16
DA:43,6
DA:44,6
DA:47,6
DA:48,6
DA:59,6
DA:60,6
DA:62,6
DA:63,1
DA:64,1
DA:65,1
DA:67,1
DA:68,1
DA:69,1
DA:73,5
DA:74,5
DA:75,5
DA:77,1
DA:78,1
DA:83,16
DA:84,7
DA:85,1
DA:86,1
DA:90,7
DA:91,7
DA:92,7
DA:96,16
LF:43
LH:43
BRDA:33,0,0,5
BRDA:33,0,1,5
BRDA:47,1,0,6
BRDA:47,1,1,0
BRDA:64,2,0,0
BRDA:64,2,1,1
BRDA:68,3,0,1
BRDA:68,3,1,0
BRDA:77,4,0,1
BRDA:77,4,1,0
BRDA:85,5,0,1
BRDA:85,5,1,0
BRDA:85,6,0,1
BRDA:85,6,1,1
BRF:14
BRH:9
end_of_record
TN:
SF:client/lib/fileStorage.ts
FN:7,copyToLocalStorage
FN:36,deleteLocalFile
FNF:2
FNH:2
FNDA:6,copyToLocalStorage
FNDA:3,deleteLocalFile
DA:11,6
DA:13,5
DA:14,5
DA:15,5
DA:18,5
DA:19,5
DA:20,5
DA:23,5
DA:24,5
DA:25,5
DA:27,4
DA:29,1
DA:37,3
DA:39,2
DA:40,2
DA:41,2
DA:42,1
DA:44,1
LF:18
LH:18
BRDA:11,0,0,1
BRDA:11,0,1,5
BRDA:14,1,0,5
BRDA:14,1,1,0
BRDA:19,2,0,5
BRDA:19,2,1,0
BRDA:37,3,0,1
BRDA:37,3,1,2
BRF:8
BRH:6
end_of_record
TN:
SF:client/lib/migration.ts
FN:7,migrateSheetMusic
FNF:1
FNH:1
FNDA:4,migrateSheetMusic
DA:8,4
DA:11,4
DA:17,4
LF:3
LH:3
BRDA:11,0,0,3
BRDA:11,0,1,1
BRDA:13,1,0,1
BRDA:13,1,1,0
BRF:4
BRH:3
end_of_record
TN:
SF:client/lib/audio/audioStream.ts
FN:10,base64ToFloat32
FN:38,initAudioStream
FN:60,startAudioStream
FN:69,(anonymous_3)
FN:86,(anonymous_4)
FN:95,stopAudioStream
FNF:6
FNH:6
FNDA:11,base64ToFloat32
FNDA:16,initAudioStream
FNDA:8,startAudioStream
FNDA:7,(anonymous_3)
FNDA:1,(anonymous_4)
FNDA:22,stopAudioStream
DA:5,1
DA:11,11
DA:12,3
DA:15,8
DA:16,8
DA:17,8
DA:18,0
DA:21,8
DA:22,8
DA:23,32
DA:26,8
DA:27,8
DA:28,8
DA:29,16
DA:32,8
DA:41,16
DA:43,15
DA:53,15
DA:63,8
DA:64,8
DA:67,8
DA:69,8
DA:71,7
DA:72,7
DA:74,7
DA:75,7
DA:76,7
DA:77,6
DA:80,7
DA:84,8
DA:86,8
DA:87,1
DA:88,1
DA:96,22
DA:97,22
DA:101,22
LF:36
LH:35
BRDA:11,0,0,3
BRDA:11,0,1,8
BRDA:11,1,0,11
BRDA:11,1,1,8
BRDA:17,2,0,0
BRDA:17,2,1,8
BRDA:39,3,0,11
BRDA:41,4,0,1
BRDA:41,4,1,15
BRDA:63,5,0,8
BRDA:63,5,1,0
BRDA:71,6,0,0
BRDA:71,6,1,7
BRDA:76,7,0,6
BRDA:76,7,1,1
BRF:15
BRH:12
end_of_record
TN:
SF:client/lib/audio/noteMapping.ts
FN:16,frequencyToNote
FN:37,noteToFrequency
FN:49,calculateCents
FN:58,keyToFrequency
FNF:4
FNH:4
FNDA:57,frequencyToNote
FNDA:99,noteToFrequency
FNDA:49,calculateCents
FNDA:4,keyToFrequency
DA:3,2
DA:5,2
DA:6,2
DA:9,2
DA:10,2
DA:17,57
DA:18,51
DA:20,47
DA:21,47
DA:22,47
DA:23,47
DA:24,47
DA:26,47
DA:38,99
DA:39,99
DA:41,96
DA:42,96
DA:50,49
DA:51,46
DA:59,4
LF:20
LH:20
BRDA:17,0,0,6
BRDA:17,0,1,51
BRDA:17,1,0,57
BRDA:17,1,1,53
BRDA:18,2,0,4
BRDA:18,2,1,47
BRDA:18,3,0,51
BRDA:18,3,1,49
BRDA:39,4,0,3
BRDA:39,4,1,96
BRDA:50,5,0,3
BRDA:50,5,1,46
BRDA:50,6,0,49
BRDA:50,6,1,47
BRDA:58,7,0,3
BRF:15
BRH:15
end_of_record
TN:
SF:client/lib/audio/pitchDetector.ts
FN:15,initDetector
FN:25,detectPitch
FN:82,destroyDetector
FNF:3
FNH:3
FNDA:59,initDetector
FNDA:169,detectPitch
FNDA:60,destroyDetector
DA:6,2
DA:8,2
DA:10,2
DA:16,59
DA:17,59
DA:18,59
DA:29,169
DA:30,1
DA:34,169
DA:35,2
DA:39,167
DA:40,167
DA:41,167
DA:42,167
DA:45,167
DA:46,13
DA:50,154
DA:52,154
DA:54,154
DA:55,154
DA:57,152
DA:58,4
DA:61,148
DA:62,148
DA:64,148
DA:66,148
DA:74,2
DA:75,2
DA:83,60
DA:84,60
LF:30
LH:30
BRDA:29,0,0,1
BRDA:29,0,1,168
BRDA:34,1,0,2
BRDA:34,1,1,167
BRDA:34,2,0,169
BRDA:34,2,1,168
BRDA:45,3,0,13
BRDA:45,3,1,154
BRDA:57,4,0,4
BRDA:57,4,1,148
BRDA:57,5,0,152
BRDA:57,5,1,150
BRDA:62,6,0,0
BRDA:62,6,1,148
BRDA:74,7,0,2
BRDA:74,7,1,0
BRF:16
BRH:14
end_of_record
TN:
SF:client/lib/audio/staffMapping.ts
FN:49,noteToStaffY
FNF:1
FNH:1
FNDA:26,noteToStaffY
DA:27,2
DA:41,2
DA:42,2
DA:43,2
DA:44,2
DA:55,26
DA:58,26
DA:59,2
DA:60,2
DA:61,24
DA:62,2
DA:63,2
DA:66,26
DA:67,26
DA:68,0
DA:72,26
DA:76,26
DA:77,26
DA:81,26
DA:82,26
DA:87,26
DA:90,26
DA:91,26
DA:95,5
DA:96,5
DA:97,21
DA:99,2
DA:100,2
DA:103,26
LF:29
LH:28
BRDA:58,0,0,2
BRDA:58,0,1,24
BRDA:61,1,0,2
BRDA:61,1,1,22
BRDA:61,2,0,24
BRDA:61,2,1,2
BRDA:67,3,0,0
BRDA:67,3,1,26
BRDA:91,4,0,5
BRDA:91,4,1,21
BRDA:97,5,0,2
BRDA:97,5,1,19
BRF:12
BRH:11
end_of_record
TN:
SF:client/lib/audio/types.ts
FNF:0
FNH:0
DA:28,5
DA:35,5
DA:36,5
LF:3
LH:3
BRF:0
BRH:0
end_of_record
